TN:
SF:src\test.ts
FNF:0
FNH:0
DA:18,1
LF:1
LH:1
BRF:0
BRH:0
end_of_record
TN:
SF:src\app\app.component.ts
FN:27,(anonymous_2)
FNF:1
FNH:1
FNDA:1,(anonymous_2)
DA:18,1
DA:26,1
DA:27,1
DA:28,1
LF:4
LH:4
BRF:0
BRH:0
end_of_record
TN:
SF:src\app\app.guard.ts
FN:13,(anonymous_2)
FN:15,(anonymous_3)
FN:24,(anonymous_4)
FN:25,(anonymous_5)
FN:31,(anonymous_6)
FN:47,(anonymous_8)
FN:49,(anonymous_9)
FN:62,(anonymous_11)
FN:64,(anonymous_12)
FN:77,(anonymous_14)
FN:79,(anonymous_15)
FNF:11
FNH:11
FNDA:7,(anonymous_2)
FNDA:2,(anonymous_3)
FNDA:1,(anonymous_4)
FNDA:1,(anonymous_5)
FNDA:3,(anonymous_6)
FNDA:5,(anonymous_8)
FNDA:4,(anonymous_9)
FNDA:5,(anonymous_11)
FNDA:4,(anonymous_12)
FNDA:5,(anonymous_14)
FNDA:4,(anonymous_15)
DA:12,1
DA:13,7
DA:16,2
DA:17,1
DA:19,1
DA:20,1
DA:25,1
DA:32,3
DA:33,3
DA:34,3
DA:35,2
DA:36,2
DA:38,1
DA:41,3
DA:46,1
DA:47,5
DA:50,4
DA:51,4
DA:52,1
DA:54,3
DA:55,3
DA:61,1
DA:62,5
DA:65,4
DA:66,4
DA:67,1
DA:69,3
DA:70,3
DA:76,1
DA:77,5
DA:80,4
DA:81,4
LF:32
LH:32
BRDA:16,0,0,1
BRDA:16,0,1,1
BRDA:24,1,0,0
BRDA:34,2,0,2
BRDA:51,3,0,1
BRDA:51,3,1,3
BRDA:51,4,0,4
BRDA:51,4,1,4
BRDA:66,5,0,1
BRDA:66,5,1,3
BRDA:66,6,0,4
BRDA:66,6,1,4
BRDA:81,7,0,4
BRDA:81,7,1,4
BRF:14
BRH:13
end_of_record
TN:
SF:src\app\roles.ts
FNF:0
FNH:0
DA:6,1
LF:1
LH:1
BRF:0
BRH:0
end_of_record
TN:
SF:src\app\Services\address.service.ts
FN:18,(anonymous_2)
FN:20,(anonymous_3)
FN:21,(anonymous_4)
FN:21,(anonymous_5)
FN:24,(anonymous_6)
FN:26,(anonymous_7)
FN:26,(anonymous_8)
FN:29,(anonymous_9)
FN:30,(anonymous_10)
FN:30,(anonymous_11)
FN:33,(anonymous_12)
FN:35,(anonymous_13)
FN:35,(anonymous_14)
FN:38,(anonymous_15)
FN:39,(anonymous_16)
FN:39,(anonymous_17)
FNF:16
FNH:11
FNDA:23,(anonymous_2)
FNDA:18,(anonymous_3)
FNDA:1,(anonymous_4)
FNDA:0,(anonymous_5)
FNDA:1,(anonymous_6)
FNDA:1,(anonymous_7)
FNDA:0,(anonymous_8)
FNDA:1,(anonymous_9)
FNDA:1,(anonymous_10)
FNDA:0,(anonymous_11)
FNDA:1,(anonymous_12)
FNDA:1,(anonymous_13)
FNDA:0,(anonymous_14)
FNDA:1,(anonymous_15)
FNDA:1,(anonymous_16)
FNDA:0,(anonymous_17)
DA:14,1
DA:15,23
DA:16,23
DA:18,23
DA:21,18
DA:26,1
DA:30,1
DA:35,1
DA:39,1
LF:9
LH:9
BRF:0
BRH:0
end_of_record
TN:
SF:src\app\Services\administration.service.ts
FN:18,(anonymous_2)
FN:20,(anonymous_3)
FN:22,(anonymous_4)
FN:23,(anonymous_5)
FNF:4
FNH:3
FNDA:3,(anonymous_2)
FNDA:3,(anonymous_3)
FNDA:1,(anonymous_4)
FNDA:0,(anonymous_5)
DA:14,1
DA:15,3
DA:16,3
DA:18,3
DA:21,3
DA:22,1
DA:23,0
LF:7
LH:6
BRF:0
BRH:0
end_of_record
TN:
SF:src\app\Services\basket.service.ts
FN:26,(anonymous_2)
FN:28,(anonymous_3)
FN:29,(anonymous_4)
FN:29,(anonymous_5)
FN:32,(anonymous_6)
FN:33,(anonymous_7)
FN:33,(anonymous_8)
FN:36,(anonymous_9)
FN:37,(anonymous_10)
FN:37,(anonymous_11)
FN:40,(anonymous_12)
FN:41,(anonymous_13)
FN:41,(anonymous_14)
FN:44,(anonymous_15)
FN:45,(anonymous_16)
FN:45,(anonymous_17)
FN:48,(anonymous_18)
FN:49,(anonymous_19)
FN:49,(anonymous_20)
FN:52,(anonymous_21)
FN:53,(anonymous_22)
FN:53,(anonymous_23)
FN:56,(anonymous_24)
FN:57,(anonymous_25)
FN:59,(anonymous_26)
FN:60,(anonymous_27)
FN:63,(anonymous_28)
FNF:27
FNH:17
FNDA:58,(anonymous_2)
FNDA:9,(anonymous_3)
FNDA:1,(anonymous_4)
FNDA:0,(anonymous_5)
FNDA:1,(anonymous_6)
FNDA:1,(anonymous_7)
FNDA:0,(anonymous_8)
FNDA:1,(anonymous_9)
FNDA:1,(anonymous_10)
FNDA:0,(anonymous_11)
FNDA:1,(anonymous_12)
FNDA:1,(anonymous_13)
FNDA:0,(anonymous_14)
FNDA:1,(anonymous_15)
FNDA:1,(anonymous_16)
FNDA:0,(anonymous_17)
FNDA:1,(anonymous_18)
FNDA:1,(anonymous_19)
FNDA:0,(anonymous_20)
FNDA:1,(anonymous_21)
FNDA:1,(anonymous_22)
FNDA:0,(anonymous_23)
FNDA:4,(anonymous_24)
FNDA:0,(anonymous_25)
FNDA:0,(anonymous_26)
FNDA:0,(anonymous_27)
FNDA:40,(anonymous_28)
DA:21,1
DA:22,58
DA:23,58
DA:24,58
DA:26,58
DA:29,9
DA:33,1
DA:37,1
DA:41,1
DA:45,1
DA:49,1
DA:53,1
DA:57,4
DA:59,0
DA:60,0
DA:64,40
LF:16
LH:14
BRF:0
BRH:0
end_of_record
TN:
SF:src\app\Services\captcha.service.ts
FN:18,(anonymous_2)
FN:20,(anonymous_3)
FN:21,(anonymous_4)
FNF:3
FNH:2
FNDA:2,(anonymous_2)
FNDA:1,(anonymous_3)
FNDA:0,(anonymous_4)
DA:14,1
DA:15,2
DA:16,2
DA:18,2
DA:21,1
LF:5
LH:5
BRF:0
BRH:0
end_of_record
TN:
SF:src\app\Services\challenge.service.ts
FN:19,(anonymous_2)
FN:21,(anonymous_3)
FN:22,(anonymous_4)
FN:22,(anonymous_5)
FN:25,(anonymous_6)
FN:26,(anonymous_7)
FN:29,(anonymous_8)
FN:30,(anonymous_9)
FN:30,(anonymous_10)
FN:33,(anonymous_11)
FN:34,(anonymous_12)
FN:34,(anonymous_13)
FN:37,(anonymous_14)
FN:38,(anonymous_15)
FN:38,(anonymous_16)
FN:41,(anonymous_17)
FN:42,(anonymous_18)
FN:42,(anonymous_19)
FN:45,(anonymous_20)
FN:46,(anonymous_21)
FN:46,(anonymous_22)
FN:49,(anonymous_23)
FN:50,(anonymous_24)
FN:50,(anonymous_25)
FNF:24
FNH:16
FNDA:10,(anonymous_2)
FNDA:3,(anonymous_3)
FNDA:1,(anonymous_4)
FNDA:0,(anonymous_5)
FNDA:1,(anonymous_6)
FNDA:0,(anonymous_7)
FNDA:1,(anonymous_8)
FNDA:1,(anonymous_9)
FNDA:0,(anonymous_10)
FNDA:1,(anonymous_11)
FNDA:1,(anonymous_12)
FNDA:0,(anonymous_13)
FNDA:1,(anonymous_14)
FNDA:1,(anonymous_15)
FNDA:0,(anonymous_16)
FNDA:1,(anonymous_17)
FNDA:1,(anonymous_18)
FNDA:0,(anonymous_19)
FNDA:1,(anonymous_20)
FNDA:1,(anonymous_21)
FNDA:0,(anonymous_22)
FNDA:1,(anonymous_23)
FNDA:1,(anonymous_24)
FNDA:0,(anonymous_25)
DA:16,1
DA:17,10
DA:18,10
DA:19,10
DA:22,3
DA:26,1
DA:30,1
DA:34,1
DA:38,1
DA:42,1
DA:46,1
DA:50,1
LF:12
LH:12
BRF:0
BRH:0
end_of_record
TN:
SF:src\app\Services\chatbot.service.ts
FN:18,(anonymous_2)
FN:20,(anonymous_3)
FN:21,(anonymous_4)
FN:21,(anonymous_5)
FN:24,(anonymous_6)
FN:25,(anonymous_7)
FN:25,(anonymous_8)
FNF:7
FNH:5
FNDA:3,(anonymous_2)
FNDA:1,(anonymous_3)
FNDA:1,(anonymous_4)
FNDA:0,(anonymous_5)
FNDA:1,(anonymous_6)
FNDA:1,(anonymous_7)
FNDA:0,(anonymous_8)
DA:14,1
DA:15,3
DA:16,3
DA:18,3
DA:21,1
DA:25,1
LF:6
LH:6
BRF:0
BRH:0
end_of_record
TN:
SF:src\app\Services\code-fixes.service.ts
FN:26,(anonymous_2)
FN:28,(anonymous_3)
FN:29,(anonymous_4)
FN:29,(anonymous_5)
FN:32,(anonymous_6)
FN:36,(anonymous_7)
FN:36,(anonymous_8)
FNF:7
FNH:5
FNDA:3,(anonymous_2)
FNDA:1,(anonymous_3)
FNDA:1,(anonymous_4)
FNDA:0,(anonymous_5)
FNDA:1,(anonymous_6)
FNDA:1,(anonymous_7)
FNDA:0,(anonymous_8)
DA:22,1
DA:23,3
DA:24,3
DA:26,3
DA:29,1
DA:33,1
DA:36,1
LF:7
LH:7
BRF:0
BRH:0
end_of_record
TN:
SF:src\app\Services\code-snippet.service.ts
FN:28,(anonymous_2)
FN:30,(anonymous_3)
FN:31,(anonymous_4)
FN:31,(anonymous_5)
FNF:4
FNH:3
FNDA:2,(anonymous_2)
FNDA:1,(anonymous_3)
FNDA:1,(anonymous_4)
FNDA:0,(anonymous_5)
DA:24,1
DA:25,2
DA:26,2
DA:28,2
DA:31,1
LF:5
LH:5
BRF:0
BRH:0
end_of_record
TN:
SF:src\app\Services\complaint.service.ts
FN:17,(anonymous_2)
FN:19,(anonymous_3)
FN:20,(anonymous_4)
FN:20,(anonymous_5)
FNF:4
FNH:3
FNDA:2,(anonymous_2)
FNDA:1,(anonymous_3)
FNDA:1,(anonymous_4)
FNDA:0,(anonymous_5)
DA:14,1
DA:15,2
DA:16,2
DA:17,2
DA:20,1
LF:5
LH:5
BRF:0
BRH:0
end_of_record
TN:
SF:src\app\Services\configuration.service.ts
FN:105,(anonymous_2)
FN:107,(anonymous_3)
FN:111,(anonymous_4)
FN:111,(anonymous_5)
FNF:4
FNH:3
FNDA:18,(anonymous_2)
FNDA:23,(anonymous_3)
FNDA:1,(anonymous_4)
FNDA:0,(anonymous_5)
DA:101,1
DA:102,18
DA:103,18
DA:105,18
DA:108,23
DA:109,5
DA:111,17
DA:112,17
LF:8
LH:8
BRDA:108,0,0,5
BRDA:108,0,1,17
BRF:2
BRH:2
end_of_record
TN:
SF:src\app\Services\country-mapping.service.ts
FN:16,(anonymous_2)
FN:18,(anonymous_3)
FN:19,(anonymous_4)
FNF:3
FNH:2
FNDA:15,(anonymous_2)
FNDA:1,(anonymous_3)
FNDA:0,(anonymous_4)
DA:14,1
DA:15,15
DA:16,15
DA:19,1
LF:4
LH:4
BRF:0
BRH:0
end_of_record
TN:
SF:src\app\Services\data-subject.service.ts
FN:19,(anonymous_2)
FN:21,(anonymous_3)
FN:22,(anonymous_4)
FN:26,(anonymous_5)
FN:27,(anonymous_6)
FNF:5
FNH:3
FNDA:3,(anonymous_2)
FNDA:1,(anonymous_3)
FNDA:0,(anonymous_4)
FNDA:1,(anonymous_5)
FNDA:0,(anonymous_6)
DA:15,1
DA:16,3
DA:17,3
DA:19,3
DA:22,1
DA:27,1
LF:6
LH:6
BRF:0
BRH:0
end_of_record
TN:
SF:src\app\Services\delivery.service.ts
FN:29,(anonymous_2)
FN:31,(anonymous_3)
FN:32,(anonymous_4)
FN:32,(anonymous_5)
FN:35,(anonymous_6)
FN:37,(anonymous_7)
FN:37,(anonymous_8)
FNF:7
FNH:5
FNDA:3,(anonymous_2)
FNDA:1,(anonymous_3)
FNDA:1,(anonymous_4)
FNDA:0,(anonymous_5)
FNDA:1,(anonymous_6)
FNDA:1,(anonymous_7)
FNDA:0,(anonymous_8)
DA:25,1
DA:26,3
DA:27,3
DA:29,3
DA:32,1
DA:37,1
LF:6
LH:6
BRF:0
BRH:0
end_of_record
TN:
SF:src\app\Services\feedback.service.ts
FN:18,(anonymous_2)
FN:20,(anonymous_3)
FN:23,(anonymous_4)
FN:23,(anonymous_5)
FN:26,(anonymous_6)
FN:27,(anonymous_7)
FN:27,(anonymous_8)
FN:30,(anonymous_9)
FN:31,(anonymous_10)
FN:31,(anonymous_11)
FNF:10
FNH:7
FNDA:11,(anonymous_2)
FNDA:14,(anonymous_3)
FNDA:1,(anonymous_4)
FNDA:0,(anonymous_5)
FNDA:1,(anonymous_6)
FNDA:1,(anonymous_7)
FNDA:0,(anonymous_8)
FNDA:1,(anonymous_9)
FNDA:1,(anonymous_10)
FNDA:0,(anonymous_11)
DA:14,1
DA:15,11
DA:16,11
DA:18,11
DA:21,14
DA:23,1
DA:27,1
DA:31,1
LF:8
LH:8
BRF:0
BRH:0
end_of_record
TN:
SF:src\app\Services\form-submit.service.ts
FN:13,(anonymous_2)
FN:15,(anonymous_3)
FN:19,(anonymous_4)
FNF:3
FNH:3
FNDA:101,(anonymous_2)
FNDA:121,(anonymous_3)
FNDA:3,(anonymous_4)
DA:12,1
DA:13,101
DA:16,121
DA:17,121
DA:19,121
DA:20,3
DA:22,3
DA:23,2
LF:8
LH:8
BRDA:22,0,0,2
BRDA:22,1,0,3
BRDA:22,1,1,3
BRF:3
BRH:3
end_of_record
TN:
SF:src\app\Services\image-captcha.service.ts
FN:17,(anonymous_2)
FN:19,(anonymous_3)
FN:20,(anonymous_4)
FNF:3
FNH:2
FNDA:2,(anonymous_2)
FNDA:1,(anonymous_3)
FNDA:0,(anonymous_4)
DA:14,1
DA:15,2
DA:17,2
DA:20,1
LF:4
LH:4
BRF:0
BRH:0
end_of_record
TN:
SF:src\app\Services\languages.service.ts
FN:16,(anonymous_2)
FN:18,(anonymous_3)
FN:19,(anonymous_4)
FNF:3
FNH:2
FNDA:28,(anonymous_2)
FNDA:41,(anonymous_3)
FNDA:0,(anonymous_4)
DA:14,1
DA:15,28
DA:16,28
DA:19,41
LF:4
LH:4
BRF:0
BRH:0
end_of_record
TN:
SF:src\app\Services\local-backup.service.ts
FN:21,(anonymous_2)
FN:23,(anonymous_3)
FN:35,(anonymous_4)
FN:41,(anonymous_5)
FN:51,(anonymous_6)
FN:52,(anonymous_7)
FN:67,(anonymous_8)
FN:71,(anonymous_9)
FN:73,(anonymous_10)
FN:78,(anonymous_11)
FN:83,(anonymous_12)
FNF:11
FNH:7
FNDA:4,(anonymous_2)
FNDA:1,(anonymous_3)
FNDA:0,(anonymous_4)
FNDA:1,(anonymous_5)
FNDA:2,(anonymous_6)
FNDA:2,(anonymous_7)
FNDA:0,(anonymous_8)
FNDA:0,(anonymous_9)
FNDA:0,(anonymous_10)
FNDA:1,(anonymous_11)
FNDA:6,(anonymous_12)
DA:18,1
DA:19,4
DA:21,4
DA:24,1
DA:26,1
DA:30,1
DA:32,1
DA:33,1
DA:34,1
DA:35,1
DA:36,0
DA:37,0
DA:38,0
DA:39,0
DA:40,0
DA:42,1
DA:43,1
DA:44,1
DA:45,1
DA:46,1
DA:47,1
DA:52,2
DA:53,2
DA:55,2
DA:56,1
DA:57,1
DA:58,1
DA:59,1
DA:60,1
DA:61,1
DA:63,1
DA:67,1
DA:68,0
DA:69,0
DA:70,0
DA:71,0
DA:72,0
DA:73,0
DA:76,1
DA:79,1
DA:84,6
DA:85,1
DA:86,1
DA:87,1
DA:89,5
LF:45
LH:34
BRDA:23,0,0,1
BRDA:27,1,0,0
BRDA:27,1,1,1
BRDA:28,2,0,0
BRDA:28,2,1,1
BRDA:30,3,0,1
BRDA:30,3,1,0
BRDA:43,4,0,0
BRDA:43,4,1,1
BRDA:44,5,0,0
BRDA:44,5,1,1
BRDA:45,6,0,0
BRDA:45,6,1,1
BRDA:55,7,0,1
BRDA:55,7,1,1
BRDA:68,8,0,0
BRDA:68,8,1,0
BRDA:69,9,0,0
BRDA:69,9,1,0
BRDA:70,10,0,0
BRDA:70,10,1,0
BRDA:84,11,0,1
BRDA:84,11,1,5
BRF:23
BRH:11
end_of_record
TN:
SF:src\app\Services\order-history.service.ts
FN:18,(anonymous_2)
FN:20,(anonymous_3)
FN:21,(anonymous_4)
FN:21,(anonymous_5)
FN:24,(anonymous_6)
FN:25,(anonymous_7)
FN:25,(anonymous_8)
FN:28,(anonymous_9)
FN:29,(anonymous_10)
FN:29,(anonymous_11)
FNF:10
FNH:7
FNDA:4,(anonymous_2)
FNDA:1,(anonymous_3)
FNDA:1,(anonymous_4)
FNDA:0,(anonymous_5)
FNDA:1,(anonymous_6)
FNDA:1,(anonymous_7)
FNDA:0,(anonymous_8)
FNDA:1,(anonymous_9)
FNDA:1,(anonymous_10)
FNDA:0,(anonymous_11)
DA:14,1
DA:15,4
DA:16,4
DA:18,4
DA:21,1
DA:25,1
DA:29,1
LF:7
LH:7
BRF:0
BRH:0
end_of_record
TN:
SF:src\app\Services\payment.service.ts
FN:18,(anonymous_2)
FN:20,(anonymous_3)
FN:21,(anonymous_4)
FN:21,(anonymous_5)
FN:24,(anonymous_6)
FN:26,(anonymous_7)
FN:26,(anonymous_8)
FN:29,(anonymous_9)
FN:30,(anonymous_10)
FN:30,(anonymous_11)
FN:33,(anonymous_12)
FN:34,(anonymous_13)
FN:34,(anonymous_14)
FNF:13
FNH:9
FNDA:29,(anonymous_2)
FNDA:25,(anonymous_3)
FNDA:1,(anonymous_4)
FNDA:0,(anonymous_5)
FNDA:1,(anonymous_6)
FNDA:1,(anonymous_7)
FNDA:0,(anonymous_8)
FNDA:1,(anonymous_9)
FNDA:1,(anonymous_10)
FNDA:0,(anonymous_11)
FNDA:1,(anonymous_12)
FNDA:1,(anonymous_13)
FNDA:0,(anonymous_14)
DA:14,1
DA:15,29
DA:16,29
DA:18,29
DA:21,25
DA:26,1
DA:30,1
DA:34,1
LF:8
LH:8
BRF:0
BRH:0
end_of_record
TN:
SF:src\app\Services\photo-wall.service.ts
FN:18,(anonymous_2)
FN:20,(anonymous_3)
FN:24,(anonymous_4)
FN:24,(anonymous_5)
FN:27,(anonymous_6)
FN:28,(anonymous_7)
FN:28,(anonymous_8)
FNF:7
FNH:5
FNDA:3,(anonymous_2)
FNDA:1,(anonymous_3)
FNDA:1,(anonymous_4)
FNDA:0,(anonymous_5)
FNDA:1,(anonymous_6)
FNDA:1,(anonymous_7)
FNDA:0,(anonymous_8)
DA:14,1
DA:15,3
DA:16,3
DA:18,3
DA:21,1
DA:22,1
DA:23,1
DA:24,1
DA:28,1
LF:9
LH:9
BRF:0
BRH:0
end_of_record
TN:
SF:src\app\Services\product-review.service.ts
FN:18,(anonymous_2)
FN:20,(anonymous_3)
FN:22,(anonymous_4)
FN:22,(anonymous_5)
FN:28,(anonymous_6)
FN:29,(anonymous_7)
FN:30,(anonymous_8)
FN:34,(anonymous_9)
FN:35,(anonymous_10)
FN:35,(anonymous_11)
FN:38,(anonymous_12)
FN:39,(anonymous_13)
FN:39,(anonymous_14)
FNF:13
FNH:7
FNDA:4,(anonymous_2)
FNDA:1,(anonymous_3)
FNDA:1,(anonymous_4)
FNDA:0,(anonymous_5)
FNDA:1,(anonymous_6)
FNDA:1,(anonymous_7)
FNDA:0,(anonymous_8)
FNDA:1,(anonymous_9)
FNDA:1,(anonymous_10)
FNDA:0,(anonymous_11)
FNDA:0,(anonymous_12)
FNDA:0,(anonymous_13)
FNDA:0,(anonymous_14)
DA:14,1
DA:15,4
DA:16,4
DA:18,4
DA:21,1
DA:22,1
DA:23,0
DA:29,1
DA:30,0
DA:35,1
DA:39,0
LF:11
LH:8
BRF:0
BRH:0
end_of_record
TN:
SF:src\app\Services\product.service.ts
FN:18,(anonymous_2)
FN:20,(anonymous_3)
FN:21,(anonymous_4)
FN:21,(anonymous_5)
FN:24,(anonymous_6)
FN:25,(anonymous_7)
FN:25,(anonymous_8)
FN:28,(anonymous_9)
FN:29,(anonymous_10)
FN:30,(anonymous_11)
FN:33,(anonymous_12)
FN:34,(anonymous_13)
FN:34,(anonymous_14)
FNF:13
FNH:7
FNDA:4,(anonymous_2)
FNDA:1,(anonymous_3)
FNDA:1,(anonymous_4)
FNDA:0,(anonymous_5)
FNDA:1,(anonymous_6)
FNDA:1,(anonymous_7)
FNDA:0,(anonymous_8)
FNDA:1,(anonymous_9)
FNDA:1,(anonymous_10)
FNDA:0,(anonymous_11)
FNDA:0,(anonymous_12)
FNDA:0,(anonymous_13)
FNDA:0,(anonymous_14)
DA:14,1
DA:15,4
DA:16,4
DA:18,4
DA:21,1
DA:25,1
DA:29,1
DA:30,1
DA:34,0
LF:9
LH:8
BRF:0
BRH:0
end_of_record
TN:
SF:src\app\Services\quantity.service.ts
FN:18,(anonymous_2)
FN:20,(anonymous_3)
FN:21,(anonymous_4)
FN:21,(anonymous_5)
FN:24,(anonymous_6)
FN:25,(anonymous_7)
FN:25,(anonymous_8)
FNF:7
FNH:5
FNDA:3,(anonymous_2)
FNDA:1,(anonymous_3)
FNDA:1,(anonymous_4)
FNDA:0,(anonymous_5)
FNDA:1,(anonymous_6)
FNDA:1,(anonymous_7)
FNDA:0,(anonymous_8)
DA:14,1
DA:15,3
DA:16,3
DA:18,3
DA:21,1
DA:25,1
LF:6
LH:6
BRF:0
BRH:0
end_of_record
TN:
SF:src\app\Services\recycle.service.ts
FN:18,(anonymous_2)
FN:20,(anonymous_3)
FN:23,(anonymous_4)
FN:23,(anonymous_5)
FN:26,(anonymous_6)
FN:27,(anonymous_7)
FN:27,(anonymous_8)
FNF:7
FNH:5
FNDA:3,(anonymous_2)
FNDA:1,(anonymous_3)
FNDA:1,(anonymous_4)
FNDA:0,(anonymous_5)
FNDA:1,(anonymous_6)
FNDA:1,(anonymous_7)
FNDA:0,(anonymous_8)
DA:14,1
DA:15,3
DA:16,3
DA:18,3
DA:21,1
DA:23,1
DA:27,1
LF:7
LH:7
BRF:0
BRH:0
end_of_record
TN:
SF:src\app\Services\security-answer.service.ts
FN:18,(anonymous_2)
FN:20,(anonymous_3)
FN:22,(anonymous_4)
FN:23,(anonymous_5)
FNF:4
FNH:3
FNDA:2,(anonymous_2)
FNDA:1,(anonymous_3)
FNDA:1,(anonymous_4)
FNDA:0,(anonymous_5)
DA:14,1
DA:15,2
DA:16,2
DA:18,2
DA:21,1
DA:22,1
DA:23,0
LF:7
LH:6
BRF:0
BRH:0
end_of_record
TN:
SF:src\app\Services\security-question.service.ts
FN:18,(anonymous_2)
FN:20,(anonymous_3)
FN:21,(anonymous_4)
FN:21,(anonymous_5)
FN:24,(anonymous_6)
FN:26,(anonymous_7)
FN:27,(anonymous_8)
FNF:7
FNH:5
FNDA:3,(anonymous_2)
FNDA:1,(anonymous_3)
FNDA:1,(anonymous_4)
FNDA:0,(anonymous_5)
FNDA:1,(anonymous_6)
FNDA:1,(anonymous_7)
FNDA:0,(anonymous_8)
DA:14,1
DA:15,3
DA:16,3
DA:18,3
DA:21,1
DA:25,1
DA:26,1
DA:27,0
LF:8
LH:7
BRF:0
BRH:0
end_of_record
TN:
SF:src\app\Services\snack-bar-helper.service.ts
FN:14,(anonymous_2)
FN:17,(anonymous_3)
FN:18,(anonymous_4)
FN:23,(anonymous_5)
FNF:4
FNH:3
FNDA:219,(anonymous_2)
FNDA:48,(anonymous_3)
FNDA:48,(anonymous_4)
FNDA:0,(anonymous_5)
DA:13,1
DA:14,219
DA:15,219
DA:18,48
DA:19,48
DA:24,0
LF:6
LH:5
BRF:0
BRH:0
end_of_record
TN:
SF:src\app\Services\socket-io.service.ts
FN:16,(anonymous_2)
FN:17,(anonymous_3)
FN:28,(anonymous_4)
FNF:3
FNH:3
FNDA:11,(anonymous_2)
FNDA:11,(anonymous_3)
FNDA:20,(anonymous_4)
DA:13,1
DA:16,11
DA:17,11
DA:18,11
DA:19,0
DA:23,11
DA:29,20
LF:7
LH:6
BRDA:18,0,0,0
BRDA:18,0,1,11
BRDA:20,1,0,0
BRDA:20,1,1,0
BRF:4
BRH:1
end_of_record
TN:
SF:src\app\Services\track-order.service.ts
FN:18,(anonymous_2)
FN:20,(anonymous_3)
FN:22,(anonymous_4)
FN:22,(anonymous_5)
FNF:4
FNH:3
FNDA:2,(anonymous_2)
FNDA:1,(anonymous_3)
FNDA:1,(anonymous_4)
FNDA:0,(anonymous_5)
DA:14,1
DA:15,2
DA:16,2
DA:18,2
DA:21,1
DA:22,1
LF:6
LH:6
BRF:0
BRH:0
end_of_record
TN:
SF:src\app\Services\two-factor-auth-service.ts
FN:33,(anonymous_2)
FN:35,(anonymous_3)
FN:39,(anonymous_4)
FN:39,(anonymous_5)
FN:42,(anonymous_6)
FN:44,(anonymous_7)
FN:44,(anonymous_8)
FN:47,(anonymous_9)
FN:52,(anonymous_10)
FN:52,(anonymous_11)
FN:55,(anonymous_12)
FN:57,(anonymous_13)
FN:57,(anonymous_14)
FNF:13
FNH:9
FNDA:5,(anonymous_2)
FNDA:1,(anonymous_3)
FNDA:1,(anonymous_4)
FNDA:0,(anonymous_5)
FNDA:1,(anonymous_6)
FNDA:1,(anonymous_7)
FNDA:0,(anonymous_8)
FNDA:1,(anonymous_9)
FNDA:1,(anonymous_10)
FNDA:0,(anonymous_11)
FNDA:1,(anonymous_12)
FNDA:1,(anonymous_13)
FNDA:0,(anonymous_14)
DA:32,1
DA:33,5
DA:36,1
DA:39,1
DA:43,1
DA:44,1
DA:48,1
DA:52,1
DA:56,1
DA:57,1
LF:10
LH:10
BRF:0
BRH:0
end_of_record
TN:
SF:src\app\Services\user.service.ts
FN:26,(anonymous_2)
FN:28,(anonymous_3)
FN:29,(anonymous_4)
FN:30,(anonymous_5)
FN:33,(anonymous_6)
FN:34,(anonymous_7)
FN:34,(anonymous_8)
FN:37,(anonymous_9)
FN:39,(anonymous_10)
FN:40,(anonymous_11)
FN:44,(anonymous_12)
FN:46,(anonymous_13)
FN:46,(anonymous_14)
FN:49,(anonymous_15)
FN:53,(anonymous_16)
FN:55,(anonymous_17)
FN:55,(anonymous_18)
FN:58,(anonymous_19)
FN:59,(anonymous_20)
FN:59,(anonymous_21)
FN:62,(anonymous_22)
FN:63,(anonymous_23)
FN:63,(anonymous_24)
FN:66,(anonymous_25)
FN:70,(anonymous_26)
FN:71,(anonymous_27)
FN:71,(anonymous_28)
FN:74,(anonymous_29)
FN:75,(anonymous_30)
FN:75,(anonymous_31)
FN:78,(anonymous_32)
FN:79,(anonymous_33)
FN:79,(anonymous_34)
FNF:33
FNH:20
FNDA:28,(anonymous_2)
FNDA:1,(anonymous_3)
FNDA:1,(anonymous_4)
FNDA:0,(anonymous_5)
FNDA:1,(anonymous_6)
FNDA:1,(anonymous_7)
FNDA:0,(anonymous_8)
FNDA:1,(anonymous_9)
FNDA:1,(anonymous_10)
FNDA:0,(anonymous_11)
FNDA:1,(anonymous_12)
FNDA:1,(anonymous_13)
FNDA:0,(anonymous_14)
FNDA:2,(anonymous_15)
FNDA:1,(anonymous_16)
FNDA:1,(anonymous_17)
FNDA:0,(anonymous_18)
FNDA:1,(anonymous_19)
FNDA:1,(anonymous_20)
FNDA:0,(anonymous_21)
FNDA:18,(anonymous_22)
FNDA:1,(anonymous_23)
FNDA:0,(anonymous_24)
FNDA:0,(anonymous_25)
FNDA:0,(anonymous_26)
FNDA:0,(anonymous_27)
FNDA:0,(anonymous_28)
FNDA:1,(anonymous_29)
FNDA:1,(anonymous_30)
FNDA:0,(anonymous_31)
FNDA:1,(anonymous_32)
FNDA:1,(anonymous_33)
FNDA:0,(anonymous_34)
DA:21,1
DA:22,28
DA:23,28
DA:24,28
DA:26,28
DA:29,1
DA:30,1
DA:34,1
DA:38,1
DA:39,1
DA:40,0
DA:45,1
DA:46,1
DA:50,2
DA:54,1
DA:55,1
DA:59,1
DA:63,18
DA:67,0
DA:71,0
DA:75,1
DA:79,1
LF:22
LH:19
BRF:0
BRH:0
end_of_record
TN:
SF:src\app\Services\vuln-lines.service.ts
FN:18,(anonymous_2)
FN:20,(anonymous_3)
FN:24,(anonymous_4)
FN:24,(anonymous_5)
FNF:4
FNH:3
FNDA:2,(anonymous_2)
FNDA:1,(anonymous_3)
FNDA:1,(anonymous_4)
FNDA:0,(anonymous_5)
DA:14,1
DA:15,2
DA:16,2
DA:18,2
DA:21,1
DA:24,1
LF:6
LH:6
BRF:0
BRH:0
end_of_record
TN:
SF:src\app\Services\wallet.service.ts
FN:18,(anonymous_2)
FN:20,(anonymous_3)
FN:21,(anonymous_4)
FN:21,(anonymous_5)
FN:24,(anonymous_6)
FN:25,(anonymous_7)
FN:25,(anonymous_8)
FNF:7
FNH:5
FNDA:3,(anonymous_2)
FNDA:1,(anonymous_3)
FNDA:1,(anonymous_4)
FNDA:0,(anonymous_5)
FNDA:1,(anonymous_6)
FNDA:1,(anonymous_7)
FNDA:0,(anonymous_8)
DA:14,1
DA:15,3
DA:16,3
DA:18,3
DA:21,1
DA:25,1
LF:6
LH:6
BRF:0
BRH:0
end_of_record
TN:
SF:src\app\Services\window-ref.service.ts
FN:12,(anonymous_1)
FN:17,getWindow
FNF:2
FNH:2
FNDA:43,(anonymous_1)
FNDA:43,getWindow
DA:11,1
DA:13,43
DA:18,43
LF:3
LH:3
BRF:0
BRH:0
end_of_record
TN:
SF:src\app\about\about.component.ts
FN:61,(anonymous_2)
FN:68,(anonymous_3)
FN:73,(anonymous_4)
FN:77,(anonymous_5)
FN:107,(anonymous_6)
FN:111,(anonymous_7)
FN:116,(anonymous_8)
FNF:7
FNH:4
FNDA:7,(anonymous_2)
FNDA:13,(anonymous_3)
FNDA:0,(anonymous_4)
FNDA:13,(anonymous_5)
FNDA:13,(anonymous_6)
FNDA:0,(anonymous_7)
FNDA:0,(anonymous_8)
DA:23,1
DA:31,1
DA:42,7
DA:52,7
DA:62,7
DA:63,7
DA:64,7
DA:65,7
DA:69,13
DA:70,13
DA:71,13
DA:74,0
DA:75,0
DA:78,13
DA:79,6
DA:80,0
DA:82,6
DA:83,0
DA:85,6
DA:86,1
DA:88,6
DA:89,1
DA:91,6
DA:92,1
DA:94,6
DA:95,1
DA:97,6
DA:98,1
DA:100,6
DA:101,1
DA:108,13
DA:112,0
DA:113,0
DA:117,0
DA:119,0
DA:122,0
DA:126,0
LF:37
LH:27
BRDA:78,0,0,6
BRDA:79,1,0,0
BRDA:82,2,0,0
BRDA:85,3,0,1
BRDA:88,4,0,1
BRDA:91,5,0,1
BRDA:94,6,0,1
BRDA:97,7,0,1
BRDA:100,8,0,1
BRF:9
BRH:7
end_of_record
TN:
SF:src\app\accounting\accounting.component.ts
FN:53,(anonymous_2)
FN:55,(anonymous_3)
FN:61,(anonymous_4)
FN:62,(anonymous_5)
FN:64,(anonymous_6)
FN:70,(anonymous_7)
FN:73,(anonymous_8)
FN:74,(anonymous_9)
FN:78,(anonymous_10)
FN:81,(anonymous_11)
FN:82,(anonymous_12)
FN:94,(anonymous_13)
FN:97,(anonymous_14)
FN:106,(anonymous_15)
FN:107,(anonymous_16)
FN:108,(anonymous_17)
FN:114,(anonymous_18)
FN:120,(anonymous_19)
FN:121,(anonymous_20)
FN:125,(anonymous_21)
FN:131,(anonymous_22)
FN:132,(anonymous_23)
FN:134,(anonymous_24)
FNF:23
FNH:22
FNDA:16,(anonymous_2)
FNDA:33,(anonymous_3)
FNDA:37,(anonymous_4)
FNDA:35,(anonymous_5)
FNDA:0,(anonymous_6)
FNDA:2,(anonymous_7)
FNDA:37,(anonymous_8)
FNDA:35,(anonymous_9)
FNDA:2,(anonymous_10)
FNDA:36,(anonymous_11)
FNDA:33,(anonymous_12)
FNDA:3,(anonymous_13)
FNDA:16,(anonymous_14)
FNDA:3,(anonymous_15)
FNDA:2,(anonymous_16)
FNDA:2,(anonymous_17)
FNDA:1,(anonymous_18)
FNDA:3,(anonymous_19)
FNDA:2,(anonymous_20)
FNDA:1,(anonymous_21)
FNDA:2,(anonymous_22)
FNDA:1,(anonymous_23)
FNDA:1,(anonymous_24)
DA:26,1
DA:41,1
DA:42,16
DA:46,16
DA:53,16
DA:56,33
DA:57,33
DA:58,33
DA:62,37
DA:63,35
DA:64,35
DA:65,0
DA:70,2
DA:74,37
DA:75,35
DA:76,35
DA:77,35
DA:78,2
DA:82,36
DA:83,33
DA:84,33
DA:85,0
DA:92,33
DA:93,33
DA:94,3
DA:98,16
DA:99,16
DA:101,16
DA:102,16
DA:107,3
DA:108,2
DA:109,2
DA:112,2
DA:113,2
DA:115,1
DA:116,1
DA:121,3
DA:123,2
DA:124,2
DA:126,1
DA:127,1
DA:132,2
DA:133,1
DA:135,1
DA:136,1
LF:45
LH:43
BRDA:98,0,0,16
BRDA:101,1,0,16
BRDA:107,2,0,0
BRDA:107,2,1,3
BRDA:121,3,0,0
BRDA:121,3,1,3
BRF:6
BRH:4
end_of_record
TN:
SF:src\app\address\address.component.ts
FN:44,(anonymous_2)
FN:47,(anonymous_3)
FN:56,(anonymous_4)
FN:57,(anonymous_5)
FN:61,(anonymous_6)
FN:67,(anonymous_7)
FN:77,(anonymous_8)
FN:79,(anonymous_9)
FN:82,(anonymous_10)
FN:83,(anonymous_11)
FN:85,(anonymous_12)
FN:87,(anonymous_13)
FN:91,(anonymous_14)
FNF:13
FNH:11
FNDA:23,(anonymous_2)
FNDA:25,(anonymous_3)
FNDA:26,(anonymous_4)
FNDA:7,(anonymous_5)
FNDA:2,(anonymous_6)
FNDA:0,(anonymous_7)
FNDA:1,(anonymous_8)
FNDA:1,(anonymous_9)
FNDA:2,(anonymous_10)
FNDA:1,(anonymous_11)
FNDA:1,(anonymous_12)
FNDA:0,(anonymous_13)
FNDA:1,(anonymous_14)
DA:22,1
DA:30,1
DA:31,23
DA:32,23
DA:33,23
DA:34,23
DA:35,23
DA:36,23
DA:37,23
DA:42,23
DA:44,23
DA:45,23
DA:48,25
DA:49,1
DA:51,24
DA:53,25
DA:57,26
DA:58,7
DA:59,7
DA:60,7
DA:62,2
DA:63,2
DA:68,0
DA:69,0
DA:70,0
DA:72,0
DA:73,0
DA:78,1
DA:79,1
DA:83,2
DA:84,1
DA:85,1
DA:86,1
DA:88,0
DA:90,1
DA:92,1
DA:93,1
LF:37
LH:31
BRDA:48,0,0,1
BRDA:48,0,1,24
BRDA:68,1,0,0
BRDA:68,1,1,0
BRF:4
BRH:2
end_of_record
TN:
SF:src\app\address-create\address-create.component.ts
FN:39,(anonymous_2)
FN:43,(anonymous_3)
FN:45,(anonymous_4)
FN:49,(anonymous_5)
FN:57,(anonymous_6)
FN:60,(anonymous_7)
FN:69,(anonymous_8)
FN:74,(anonymous_9)
FN:76,(anonymous_10)
FN:79,(anonymous_11)
FN:85,(anonymous_12)
FN:90,(anonymous_13)
FN:92,(anonymous_14)
FN:95,(anonymous_15)
FN:103,(anonymous_16)
FN:113,(anonymous_17)
FN:117,(anonymous_18)
FNF:17
FNH:13
FNDA:17,(anonymous_2)
FNDA:17,(anonymous_3)
FNDA:17,(anonymous_4)
FNDA:0,(anonymous_5)
FNDA:0,(anonymous_6)
FNDA:4,(anonymous_7)
FNDA:1,(anonymous_8)
FNDA:1,(anonymous_9)
FNDA:0,(anonymous_10)
FNDA:1,(anonymous_11)
FNDA:1,(anonymous_12)
FNDA:1,(anonymous_13)
FNDA:0,(anonymous_14)
FNDA:1,(anonymous_15)
FNDA:1,(anonymous_16)
FNDA:2,(anonymous_17)
FNDA:1,(anonymous_18)
DA:27,1
DA:28,17
DA:29,17
DA:30,17
DA:31,17
DA:32,17
DA:33,17
DA:34,17
DA:35,17
DA:36,17
DA:37,17
DA:39,17
DA:40,17
DA:41,17
DA:44,17
DA:45,17
DA:46,17
DA:47,0
DA:48,0
DA:49,0
DA:50,0
DA:53,17
DA:54,17
DA:57,17
DA:61,4
DA:62,4
DA:63,4
DA:64,4
DA:65,4
DA:66,4
DA:67,4
DA:68,4
DA:69,2
DA:70,1
DA:71,1
DA:72,1
DA:73,1
DA:74,1
DA:75,1
DA:77,0
DA:80,1
DA:81,1
DA:82,1
DA:85,2
DA:86,1
DA:87,1
DA:88,1
DA:89,1
DA:90,1
DA:91,1
DA:93,0
DA:96,1
DA:97,1
DA:98,1
DA:104,1
DA:105,1
DA:106,1
DA:107,1
DA:108,1
DA:109,1
DA:110,1
DA:114,2
DA:118,1
DA:119,1
DA:120,1
DA:121,1
DA:122,1
DA:123,1
DA:124,1
DA:125,1
DA:126,1
DA:127,1
DA:128,1
DA:129,1
DA:130,1
DA:131,1
DA:132,1
DA:133,1
DA:134,1
DA:135,1
DA:136,1
DA:137,1
DA:138,1
LF:83
LH:77
BRDA:46,0,0,0
BRDA:46,0,1,17
BRDA:68,1,0,2
BRDA:68,1,1,2
BRF:4
BRH:3
end_of_record
TN:
SF:src\app\address-select\address-select.component.ts
FN:20,(anonymous_2)
FN:22,(anonymous_3)
FNF:2
FNH:2
FNDA:2,(anonymous_2)
FNDA:1,(anonymous_3)
DA:16,1
DA:17,2
DA:18,2
DA:20,2
DA:23,1
LF:5
LH:5
BRF:0
BRH:0
end_of_record
TN:
SF:src\app\administration\administration.component.ts
FN:44,(anonymous_2)
FN:47,(anonymous_3)
FN:52,(anonymous_4)
FN:53,(anonymous_5)
FN:62,(anonymous_6)
FN:68,(anonymous_7)
FN:69,(anonymous_8)
FN:77,(anonymous_9)
FN:83,(anonymous_10)
FN:84,(anonymous_11)
FN:86,(anonymous_12)
FN:92,(anonymous_13)
FN:100,(anonymous_14)
FN:109,(anonymous_15)
FN:113,(anonymous_16)
FNF:15
FNH:15
FNDA:11,(anonymous_2)
FNDA:11,(anonymous_3)
FNDA:13,(anonymous_4)
FNDA:12,(anonymous_5)
FNDA:1,(anonymous_6)
FNDA:13,(anonymous_7)
FNDA:12,(anonymous_8)
FNDA:1,(anonymous_9)
FNDA:2,(anonymous_10)
FNDA:1,(anonymous_11)
FNDA:1,(anonymous_12)
FNDA:1,(anonymous_13)
FNDA:1,(anonymous_14)
FNDA:44,(anonymous_15)
FNDA:68,(anonymous_16)
DA:25,1
DA:33,1
DA:36,11
DA:38,11
DA:40,11
DA:41,11
DA:44,11
DA:45,11
DA:48,11
DA:49,11
DA:53,13
DA:54,12
DA:55,12
DA:56,12
DA:57,24
DA:59,12
DA:60,12
DA:61,12
DA:63,1
DA:64,1
DA:69,13
DA:70,12
DA:71,12
DA:72,24
DA:74,12
DA:75,12
DA:76,12
DA:78,1
DA:79,1
DA:84,2
DA:85,1
DA:87,1
DA:88,1
DA:93,1
DA:101,1
DA:110,44
DA:114,68
DA:115,68
LF:38
LH:38
BRDA:57,0,0,0
BRDA:57,0,1,24
BRDA:115,1,0,68
BRDA:115,1,1,0
BRF:4
BRH:2
end_of_record
TN:
SF:src\app\basket\basket.component.ts
FN:27,(anonymous_2)
FN:29,(anonymous_3)
FN:30,(anonymous_4)
FN:33,(anonymous_5)
FN:37,(anonymous_6)
FNF:5
FNH:3
FNDA:4,(anonymous_2)
FNDA:0,(anonymous_3)
FNDA:0,(anonymous_4)
FNDA:1,(anonymous_5)
FNDA:2,(anonymous_6)
DA:15,1
DA:23,1
DA:24,4
DA:25,4
DA:27,4
DA:30,0
DA:34,1
DA:38,2
DA:39,2
LF:9
LH:8
BRF:0
BRH:0
end_of_record
TN:
SF:src\app\challenge-solved-notification\challenge-solved-notification.component.ts
FN:47,(anonymous_2)
FN:50,(anonymous_3)
FN:51,(anonymous_4)
FN:52,(anonymous_5)
FN:60,(anonymous_6)
FN:70,(anonymous_7)
FN:82,(anonymous_8)
FN:84,(anonymous_9)
FN:93,(anonymous_10)
FN:95,(anonymous_11)
FN:105,(anonymous_12)
FN:106,(anonymous_13)
FN:107,(anonymous_14)
FN:107,(anonymous_15)
FN:123,(anonymous_16)
FN:124,(anonymous_17)
FN:131,(anonymous_18)
FNF:17
FNH:13
FNDA:13,(anonymous_2)
FNDA:18,(anonymous_3)
FNDA:18,(anonymous_4)
FNDA:17,(anonymous_5)
FNDA:0,(anonymous_6)
FNDA:17,(anonymous_7)
FNDA:0,(anonymous_8)
FNDA:0,(anonymous_9)
FNDA:2,(anonymous_10)
FNDA:1,(anonymous_11)
FNDA:1,(anonymous_12)
FNDA:1,(anonymous_13)
FNDA:0,(anonymous_14)
FNDA:1,(anonymous_15)
FNDA:3,(anonymous_16)
FNDA:1,(anonymous_17)
FNDA:1,(anonymous_18)
DA:41,1
DA:42,13
DA:43,13
DA:44,13
DA:47,13
DA:51,18
DA:52,18
DA:53,17
DA:54,0
DA:55,0
DA:57,0
DA:58,0
DA:59,0
DA:60,0
DA:61,0
DA:65,0
DA:70,18
DA:71,17
DA:72,5
DA:73,1
DA:75,4
DA:78,5
DA:79,1
DA:81,1
DA:82,0
DA:83,0
DA:84,0
DA:87,4
DA:94,2
DA:95,1
DA:96,1
DA:98,1
DA:100,1
DA:102,2
DA:106,1
DA:107,0
DA:109,1
DA:110,0
DA:112,1
DA:119,1
DA:124,3
DA:125,1
DA:126,0
DA:128,1
DA:129,1
DA:130,1
DA:131,1
LF:47
LH:33
BRDA:53,0,0,0
BRDA:54,1,0,0
BRDA:57,2,0,0
BRDA:59,3,0,0
BRDA:71,4,0,5
BRDA:72,5,0,1
BRDA:72,5,1,4
BRDA:78,6,0,1
BRDA:78,6,1,4
BRDA:81,7,0,0
BRDA:93,8,0,1
BRDA:94,9,0,1
BRDA:94,9,1,1
BRDA:109,10,0,0
BRDA:109,11,0,1
BRDA:109,11,1,1
BRDA:125,12,0,0
BRF:17
BRH:10
end_of_record
TN:
SF:src\app\challenge-status-badge\challenge-status-badge.component.ts
FN:33,(anonymous_2)
FN:35,(anonymous_3)
FN:37,(anonymous_4)
FN:39,(anonymous_5)
FN:43,(anonymous_6)
FNF:5
FNH:5
FNDA:7,(anonymous_2)
FNDA:3,(anonymous_3)
FNDA:2,(anonymous_4)
FNDA:1,(anonymous_5)
FNDA:3,(anonymous_6)
DA:20,1
DA:28,1
DA:29,7
DA:30,7
DA:31,7
DA:33,7
DA:36,3
DA:37,3
DA:38,2
DA:39,1
DA:44,3
DA:45,1
LF:12
LH:12
BRDA:36,0,0,3
BRDA:44,1,0,1
BRDA:44,2,0,3
BRDA:44,2,1,2
BRF:4
BRH:4
end_of_record
TN:
SF:src\app\change-password\change-password.component.ts
FN:36,(anonymous_2)
FN:38,(anonymous_3)
FN:39,(anonymous_4)
FN:42,(anonymous_5)
FN:50,(anonymous_6)
FN:52,(anonymous_7)
FN:54,(anonymous_8)
FN:58,(anonymous_9)
FN:66,(anonymous_10)
FN:71,(anonymous_11)
FN:83,matchValidator
FN:84,matchOtherValidate
FNF:12
FNH:10
FNDA:7,(anonymous_2)
FNDA:7,(anonymous_3)
FNDA:0,(anonymous_4)
FNDA:2,(anonymous_5)
FNDA:1,(anonymous_6)
FNDA:1,(anonymous_7)
FNDA:0,(anonymous_8)
FNDA:1,(anonymous_9)
FNDA:1,(anonymous_10)
FNDA:1,(anonymous_11)
FNDA:7,matchValidator
FNDA:20,matchOtherValidate
DA:21,1
DA:29,1
DA:30,7
DA:31,7
DA:32,7
DA:36,7
DA:39,7
DA:43,2
DA:44,0
DA:46,2
DA:51,1
DA:52,1
DA:53,1
DA:55,0
DA:57,1
DA:59,1
DA:60,1
DA:61,1
DA:62,1
DA:67,1
DA:68,1
DA:72,1
DA:73,1
DA:74,1
DA:75,1
DA:76,1
DA:77,1
DA:78,1
DA:79,1
DA:84,7
DA:85,20
DA:86,20
DA:87,20
DA:88,1
DA:90,19
LF:35
LH:33
BRDA:43,0,0,0
BRDA:43,1,0,2
BRDA:43,1,1,0
BRDA:87,2,0,1
BRF:4
BRH:2
end_of_record
TN:
SF:src\app\chatbot\chatbot.component.ts
FN:23,(anonymous_2)
FN:58,(anonymous_3)
FN:60,(anonymous_4)
FN:66,(anonymous_5)
FN:67,(anonymous_6)
FN:77,(anonymous_7)
FN:79,(anonymous_8)
FN:84,(anonymous_9)
FN:98,(anonymous_10)
FN:106,(anonymous_11)
FN:113,(anonymous_12)
FN:117,(anonymous_13)
FNF:12
FNH:9
FNDA:1,(anonymous_2)
FNDA:4,(anonymous_3)
FNDA:4,(anonymous_4)
FNDA:4,(anonymous_5)
FNDA:4,(anonymous_6)
FNDA:0,(anonymous_7)
FNDA:0,(anonymous_8)
FNDA:2,(anonymous_9)
FNDA:2,(anonymous_10)
FNDA:2,(anonymous_11)
FNDA:2,(anonymous_12)
FNDA:0,(anonymous_13)
DA:21,1
DA:23,1
DA:24,1
DA:25,1
DA:44,1
DA:45,4
DA:46,4
DA:47,4
DA:48,4
DA:49,4
DA:54,4
DA:56,4
DA:58,4
DA:61,4
DA:62,2
DA:67,4
DA:68,4
DA:72,4
DA:73,0
DA:77,4
DA:78,0
DA:80,0
DA:85,2
DA:89,2
DA:90,2
DA:91,0
DA:92,0
DA:93,0
DA:94,0
DA:99,2
DA:100,2
DA:101,2
DA:105,2
DA:106,2
DA:107,2
DA:108,0
DA:113,2
DA:114,2
DA:117,2
DA:118,0
DA:119,0
DA:120,0
LF:42
LH:31
BRDA:23,0,0,1
BRDA:23,0,1,1
BRDA:61,1,0,2
BRDA:72,2,0,0
BRDA:90,3,0,0
BRDA:100,4,0,2
BRDA:107,5,0,0
BRDA:107,5,1,2
BRDA:107,6,0,2
BRDA:107,6,1,0
BRF:10
BRH:6
end_of_record
TN:
SF:src\app\code-area\code-area.component.ts
FN:25,(anonymous_1)
FN:29,(anonymous_2)
FN:43,(anonymous_3)
FN:44,(anonymous_4)
FN:52,(anonymous_5)
FNF:5
FNH:5
FNDA:76,(anonymous_1)
FNDA:21,(anonymous_2)
FNDA:26,(anonymous_3)
FNDA:28,(anonymous_4)
FNDA:3,(anonymous_5)
DA:22,1
DA:23,25
DA:26,76
DA:30,21
DA:39,25
DA:41,25
DA:44,26
DA:45,28
DA:54,3
DA:55,3
DA:58,3
DA:59,3
DA:60,9
DA:61,5
DA:64,3
LF:15
LH:15
BRDA:30,0,0,21
BRDA:30,0,1,20
BRDA:60,1,0,5
BRF:3
BRH:3
end_of_record
TN:
SF:src\app\code-fixes\code-fixes.component.ts
FN:18,(anonymous_2)
FN:40,(anonymous_3)
FN:49,(anonymous_4)
FN:53,(anonymous_5)
FNF:4
FNH:3
FNDA:23,(anonymous_2)
FNDA:25,(anonymous_3)
FNDA:23,(anonymous_4)
FNDA:0,(anonymous_5)
DA:15,1
DA:18,23
DA:19,23
DA:20,23
DA:24,23
DA:27,23
DA:30,23
DA:33,23
DA:36,23
DA:41,25
DA:42,1
DA:44,24
DA:45,24
DA:50,23
DA:51,23
DA:52,0
DA:53,0
DA:54,0
DA:55,0
LF:19
LH:15
BRDA:41,0,0,1
BRDA:41,0,1,24
BRDA:52,1,0,0
BRF:3
BRH:2
end_of_record
TN:
SF:src\app\code-snippet\code-snippet.component.ts
FN:30,(anonymous_2)
FN:67,(anonymous_3)
FN:69,(anonymous_4)
FN:70,(anonymous_5)
FN:72,(anonymous_6)
FN:74,(anonymous_7)
FN:82,(anonymous_8)
FN:85,(anonymous_9)
FN:91,(anonymous_10)
FN:96,(anonymous_11)
FN:100,(anonymous_12)
FN:105,(anonymous_13)
FN:109,(anonymous_14)
FN:120,(anonymous_15)
FN:121,(anonymous_16)
FN:127,(anonymous_17)
FN:128,(anonymous_18)
FN:134,(anonymous_19)
FN:148,(anonymous_20)
FN:157,(anonymous_21)
FN:159,(anonymous_22)
FN:160,(anonymous_23)
FN:161,(anonymous_24)
FN:164,(anonymous_25)
FN:169,(anonymous_26)
FN:176,(anonymous_27)
FN:179,(anonymous_28)
FN:186,(anonymous_29)
FN:190,(anonymous_30)
FN:193,(anonymous_31)
FN:201,(anonymous_32)
FN:212,(anonymous_33)
FNF:32
FNH:29
FNDA:1,(anonymous_2)
FNDA:20,(anonymous_3)
FNDA:26,(anonymous_4)
FNDA:25,(anonymous_5)
FNDA:1,(anonymous_6)
FNDA:25,(anonymous_7)
FNDA:1,(anonymous_8)
FNDA:25,(anonymous_9)
FNDA:1,(anonymous_10)
FNDA:1,(anonymous_11)
FNDA:2,(anonymous_12)
FNDA:0,(anonymous_13)
FNDA:1,(anonymous_14)
FNDA:1,(anonymous_15)
FNDA:1,(anonymous_16)
FNDA:1,(anonymous_17)
FNDA:1,(anonymous_18)
FNDA:208,(anonymous_19)
FNDA:84,(anonymous_20)
FNDA:1,(anonymous_21)
FNDA:3,(anonymous_22)
FNDA:4,(anonymous_23)
FNDA:3,(anonymous_24)
FNDA:2,(anonymous_25)
FNDA:1,(anonymous_26)
FNDA:0,(anonymous_27)
FNDA:1,(anonymous_28)
FNDA:0,(anonymous_29)
FNDA:2,(anonymous_30)
FNDA:2,(anonymous_31)
FNDA:85,(anonymous_32)
FNDA:42,(anonymous_33)
DA:30,1
DA:31,1
DA:32,1
DA:33,1
DA:53,1
DA:54,20
DA:55,20
DA:57,20
DA:58,20
DA:59,20
DA:60,20
DA:61,20
DA:62,20
DA:63,20
DA:64,20
DA:65,20
DA:67,20
DA:70,26
DA:71,25
DA:72,1
DA:74,26
DA:75,25
DA:76,25
DA:77,25
DA:78,1
DA:79,1
DA:80,1
DA:83,1
DA:85,26
DA:86,25
DA:87,25
DA:88,0
DA:90,25
DA:92,1
DA:96,20
DA:97,1
DA:100,20
DA:101,2
DA:102,2
DA:106,0
DA:109,20
DA:110,1
DA:111,1
DA:112,1
DA:113,0
DA:115,1
DA:116,1
DA:120,20
DA:121,1
DA:122,1
DA:123,1
DA:127,20
DA:128,1
DA:129,1
DA:130,1
DA:135,208
DA:136,2
DA:138,206
DA:140,2
DA:142,2
DA:144,202
DA:149,84
DA:151,1
DA:153,83
DA:158,1
DA:159,3
DA:160,4
DA:161,3
DA:164,20
DA:165,2
DA:166,2
DA:167,2
DA:168,1
DA:169,1
DA:170,1
DA:171,0
DA:173,1
DA:174,1
DA:175,1
DA:176,0
DA:178,1
DA:179,1
DA:180,1
DA:181,0
DA:183,1
DA:184,1
DA:185,1
DA:186,0
DA:188,2
DA:189,2
DA:190,2
DA:191,2
DA:194,2
DA:197,0
DA:202,85
DA:204,2
DA:206,2
DA:208,81
DA:213,42
DA:215,1
DA:217,1
LF:101
LH:93
BRDA:30,0,0,1
BRDA:30,0,1,1
BRDA:77,1,0,1
BRDA:87,2,0,0
BRDA:112,3,0,0
BRDA:113,4,0,0
BRDA:115,5,0,1
BRDA:116,6,0,0
BRDA:135,7,0,2
BRDA:138,8,0,2
BRDA:138,8,1,2
BRDA:138,8,2,202
BRDA:149,9,0,1
BRDA:149,9,1,83
BRDA:165,10,0,0
BRDA:166,11,0,2
BRDA:166,11,1,0
BRDA:167,12,0,1
BRDA:167,12,1,1
BRDA:170,13,0,0
BRDA:180,14,0,0
BRDA:194,15,0,1
BRDA:194,16,0,2
BRDA:194,16,1,1
BRDA:202,17,0,2
BRDA:202,17,1,2
BRDA:202,17,2,81
BRDA:213,18,0,1
BRDA:213,18,1,1
BRF:29
BRH:21
end_of_record
TN:
SF:src\app\complaint\complaint.component.ts
FN:48,(anonymous_2)
FN:50,(anonymous_3)
FN:52,(anonymous_4)
FN:57,(anonymous_5)
FN:60,(anonymous_6)
FN:64,(anonymous_7)
FN:67,(anonymous_8)
FN:68,(anonymous_9)
FN:73,(anonymous_10)
FN:79,(anonymous_11)
FN:88,(anonymous_12)
FN:90,(anonymous_13)
FN:91,(anonymous_14)
FN:93,(anonymous_15)
FN:99,(anonymous_16)
FN:102,(anonymous_17)
FNF:16
FNH:10
FNDA:10,(anonymous_2)
FNDA:13,(anonymous_3)
FNDA:0,(anonymous_4)
FNDA:0,(anonymous_5)
FNDA:0,(anonymous_6)
FNDA:0,(anonymous_7)
FNDA:14,(anonymous_8)
FNDA:13,(anonymous_9)
FNDA:1,(anonymous_10)
FNDA:2,(anonymous_11)
FNDA:1,(anonymous_12)
FNDA:1,(anonymous_13)
FNDA:1,(anonymous_14)
FNDA:0,(anonymous_15)
FNDA:0,(anonymous_16)
FNDA:2,(anonymous_17)
DA:24,1
DA:32,1
DA:33,10
DA:34,10
DA:36,10
DA:37,10
DA:44,10
DA:45,10
DA:48,10
DA:51,13
DA:52,13
DA:53,0
DA:55,0
DA:57,13
DA:58,0
DA:60,13
DA:61,0
DA:62,0
DA:64,13
DA:68,14
DA:69,13
DA:70,13
DA:71,13
DA:72,13
DA:74,1
DA:75,1
DA:80,2
DA:81,1
DA:82,1
DA:84,1
DA:89,1
DA:90,1
DA:91,1
DA:92,1
DA:94,0
DA:96,1
DA:97,1
DA:98,1
DA:99,0
DA:103,2
DA:104,2
DA:105,2
DA:106,2
LF:43
LH:36
BRDA:80,0,0,1
BRDA:80,0,1,1
BRF:2
BRH:2
end_of_record
TN:
SF:src\app\contact\contact.component.ts
FN:45,(anonymous_2)
FN:48,(anonymous_3)
FN:49,(anonymous_4)
FN:55,(anonymous_5)
FN:61,(anonymous_6)
FN:64,(anonymous_7)
FN:65,(anonymous_8)
FN:68,(anonymous_9)
FN:71,(anonymous_10)
FN:78,(anonymous_11)
FN:80,(anonymous_12)
FN:82,(anonymous_13)
FN:86,(anonymous_14)
FN:88,(anonymous_15)
FN:95,(anonymous_16)
FN:103,(anonymous_17)
FN:116,(anonymous_18)
FN:122,(anonymous_19)
FNF:18
FNH:14
FNDA:18,(anonymous_2)
FNDA:25,(anonymous_3)
FNDA:22,(anonymous_4)
FNDA:3,(anonymous_5)
FNDA:0,(anonymous_6)
FNDA:26,(anonymous_7)
FNDA:26,(anonymous_8)
FNDA:0,(anonymous_9)
FNDA:5,(anonymous_10)
FNDA:3,(anonymous_11)
FNDA:1,(anonymous_12)
FNDA:0,(anonymous_13)
FNDA:2,(anonymous_14)
FNDA:0,(anonymous_15)
FNDA:2,(anonymous_16)
FNDA:2,(anonymous_17)
FNDA:1,(anonymous_18)
FNDA:36,(anonymous_19)
DA:25,1
DA:33,1
DA:34,18
DA:35,18
DA:36,18
DA:37,18
DA:38,18
DA:39,18
DA:45,18
DA:46,18
DA:49,25
DA:50,22
DA:51,22
DA:52,22
DA:54,22
DA:56,3
DA:57,3
DA:59,25
DA:61,25
DA:65,26
DA:66,26
DA:67,26
DA:68,0
DA:72,5
DA:73,5
DA:75,5
DA:76,5
DA:77,5
DA:78,5
DA:79,3
DA:80,1
DA:81,1
DA:83,0
DA:86,2
DA:87,2
DA:89,0
DA:92,3
DA:93,3
DA:94,3
DA:96,2
DA:97,2
DA:98,2
DA:99,2
DA:104,2
DA:105,2
DA:106,2
DA:107,2
DA:108,2
DA:109,2
DA:110,2
DA:111,2
DA:112,2
DA:113,2
DA:117,1
DA:118,1
DA:119,1
DA:123,36
LF:57
LH:54
BRDA:54,0,0,1
BRDA:54,0,1,21
BRDA:79,1,0,1
BRDA:79,1,1,2
BRF:4
BRH:4
end_of_record
TN:
SF:src\app\data-export\data-export.component.ts
FN:38,(anonymous_2)
FN:39,(anonymous_3)
FN:44,(anonymous_4)
FN:53,(anonymous_5)
FN:54,(anonymous_6)
FN:59,(anonymous_7)
FN:64,(anonymous_8)
FN:73,(anonymous_9)
FN:80,(anonymous_10)
FN:89,(anonymous_11)
FNF:10
FNH:9
FNDA:7,(anonymous_2)
FNDA:7,(anonymous_3)
FNDA:7,(anonymous_4)
FNDA:5,(anonymous_5)
FNDA:5,(anonymous_6)
FNDA:2,(anonymous_7)
FNDA:1,(anonymous_8)
FNDA:1,(anonymous_9)
FNDA:1,(anonymous_10)
FNDA:0,(anonymous_11)
DA:27,1
DA:28,7
DA:29,7
DA:31,7
DA:35,7
DA:38,7
DA:40,7
DA:41,7
DA:45,7
DA:46,7
DA:47,7
DA:48,4
DA:49,4
DA:54,5
DA:55,5
DA:60,2
DA:61,1
DA:63,2
DA:64,2
DA:65,1
DA:66,1
DA:67,1
DA:68,1
DA:69,1
DA:70,1
DA:71,1
DA:72,1
DA:74,1
DA:75,1
DA:76,1
DA:81,1
DA:82,1
DA:83,1
DA:84,1
DA:85,1
DA:86,1
DA:90,0
DA:91,0
DA:92,0
LF:39
LH:36
BRDA:46,0,0,4
BRDA:46,0,1,3
BRDA:47,1,0,4
BRDA:60,2,0,1
BRF:4
BRH:4
end_of_record
TN:
SF:src\app\delivery-method\delivery-method.component.ts
FN:41,(anonymous_2)
FN:44,(anonymous_3)
FN:45,(anonymous_4)
FN:47,(anonymous_5)
FN:49,(anonymous_6)
FN:53,(anonymous_7)
FN:56,(anonymous_8)
FN:64,(anonymous_9)
FN:68,(anonymous_10)
FN:70,(anonymous_11)
FNF:10
FNH:9
FNDA:7,(anonymous_2)
FNDA:11,(anonymous_3)
FNDA:10,(anonymous_4)
FNDA:1,(anonymous_5)
FNDA:10,(anonymous_6)
FNDA:1,(anonymous_7)
FNDA:1,(anonymous_8)
FNDA:0,(anonymous_9)
FNDA:1,(anonymous_10)
FNDA:1,(anonymous_11)
DA:25,1
DA:33,1
DA:34,7
DA:38,7
DA:39,7
DA:41,7
DA:42,7
DA:45,11
DA:46,10
DA:47,1
DA:49,11
DA:50,10
DA:51,10
DA:52,10
DA:53,1
DA:57,1
DA:58,1
DA:60,0
DA:65,0
DA:69,1
DA:70,1
LF:21
LH:19
BRDA:57,0,0,1
BRDA:57,0,1,0
BRDA:57,1,0,1
BRDA:57,1,1,1
BRF:4
BRH:3
end_of_record
TN:
SF:src\app\deluxe-user\deluxe-user.component.ts
FN:48,(anonymous_2)
FN:51,(anonymous_3)
FN:52,(anonymous_4)
FN:68,(anonymous_5)
FN:72,(anonymous_6)
FN:73,(anonymous_7)
FN:75,(anonymous_8)
FN:80,(anonymous_9)
FN:81,(anonymous_10)
FNF:9
FNH:5
FNDA:5,(anonymous_2)
FNDA:9,(anonymous_3)
FNDA:8,(anonymous_4)
FNDA:0,(anonymous_5)
FNDA:1,(anonymous_6)
FNDA:9,(anonymous_7)
FNDA:0,(anonymous_8)
FNDA:0,(anonymous_9)
FNDA:0,(anonymous_10)
DA:24,1
DA:25,5
DA:26,5
DA:27,5
DA:28,5
DA:30,5
DA:48,5
DA:52,9
DA:53,8
DA:54,8
DA:55,8
DA:56,1
DA:58,8
DA:59,2
DA:61,2
DA:62,1
DA:64,2
DA:67,8
DA:68,0
DA:69,0
DA:72,1
DA:73,9
DA:74,9
DA:76,0
DA:81,0
LF:25
LH:21
BRDA:54,0,0,8
BRDA:55,1,0,1
BRDA:58,2,0,2
BRDA:61,3,0,1
BRDA:64,4,0,2
BRDA:64,4,1,2
BRDA:67,5,0,0
BRF:7
BRH:6
end_of_record
TN:
SF:src\app\error-page\error-page.component.ts
FN:24,(anonymous_2)
FN:27,(anonymous_3)
FN:30,(anonymous_4)
FN:32,(anonymous_5)
FNF:4
FNH:3
FNDA:1,(anonymous_2)
FNDA:1,(anonymous_3)
FNDA:1,(anonymous_4)
FNDA:0,(anonymous_5)
DA:13,1
DA:21,1
DA:22,1
DA:24,1
DA:28,1
DA:29,1
DA:30,1
DA:31,1
DA:33,0
LF:9
LH:8
BRDA:29,0,0,1
BRF:1
BRH:1
end_of_record
TN:
SF:src\app\feedback-details\feedback-details.component.ts
FN:23,(anonymous_2)
FN:25,(anonymous_3)
FNF:2
FNH:2
FNDA:1,(anonymous_2)
FNDA:1,(anonymous_3)
DA:20,1
DA:23,1
DA:26,1
DA:27,1
LF:4
LH:4
BRF:0
BRH:0
end_of_record
TN:
SF:src\app\forgot-password\forgot-password.component.ts
FN:46,(anonymous_2)
FN:48,(anonymous_3)
FN:50,(anonymous_4)
FN:53,(anonymous_5)
FN:65,(anonymous_6)
FN:75,(anonymous_7)
FN:81,(anonymous_8)
FN:83,(anonymous_9)
FN:85,(anonymous_10)
FN:89,(anonymous_11)
FN:96,(anonymous_12)
FN:111,(anonymous_13)
FN:126,matchValidator
FN:127,matchOtherValidate
FNF:14
FNH:12
FNDA:15,(anonymous_2)
FNDA:17,(anonymous_3)
FNDA:13,(anonymous_4)
FNDA:8,(anonymous_5)
FNDA:2,(anonymous_6)
FNDA:2,(anonymous_7)
FNDA:1,(anonymous_8)
FNDA:1,(anonymous_9)
FNDA:0,(anonymous_10)
FNDA:1,(anonymous_11)
FNDA:1,(anonymous_12)
FNDA:0,(anonymous_13)
FNDA:15,matchValidator
FNDA:10,matchOtherValidate
DA:27,1
DA:35,1
DA:36,15
DA:37,15
DA:38,15
DA:39,15
DA:43,15
DA:46,15
DA:49,17
DA:50,17
DA:51,13
DA:52,13
DA:53,10
DA:54,8
DA:55,8
DA:56,8
DA:57,8
DA:58,8
DA:60,0
DA:61,0
DA:62,0
DA:65,2
DA:68,3
DA:69,3
DA:70,3
DA:76,2
DA:82,1
DA:83,1
DA:84,1
DA:86,0
DA:88,1
DA:90,1
DA:91,1
DA:92,1
DA:97,1
DA:98,1
DA:99,1
DA:100,1
DA:101,1
DA:102,1
DA:103,1
DA:104,1
DA:105,1
DA:106,1
DA:107,1
DA:108,1
DA:112,0
DA:113,0
DA:114,0
DA:115,0
DA:116,0
DA:117,0
DA:118,0
DA:119,0
DA:120,0
DA:121,0
DA:122,0
DA:127,15
DA:128,10
DA:129,10
DA:130,10
DA:131,1
DA:133,9
LF:63
LH:48
BRDA:52,0,0,10
BRDA:52,0,1,3
BRDA:54,1,0,8
BRDA:54,1,1,0
BRDA:130,2,0,1
BRF:5
BRH:4
end_of_record
TN:
SF:src\app\last-login-ip\last-login-ip.component.ts
FN:21,(anonymous_2)
FN:23,(anonymous_3)
FN:31,(anonymous_4)
FNF:3
FNH:3
FNDA:2,(anonymous_2)
FNDA:3,(anonymous_3)
FNDA:3,(anonymous_4)
DA:19,1
DA:20,2
DA:21,2
DA:24,3
DA:25,3
DA:27,3
DA:32,3
DA:33,3
DA:34,3
DA:35,3
DA:36,0
DA:38,0
LF:12
LH:10
BRDA:34,0,0,3
BRDA:36,1,0,0
BRF:2
BRH:1
end_of_record
TN:
SF:src\app\login\login.component.ts
FN:54,(anonymous_2)
FN:56,(anonymous_3)
FN:68,(anonymous_4)
FN:71,(anonymous_5)
FN:80,(anonymous_6)
FN:82,(anonymous_7)
FN:85,(anonymous_8)
FN:89,(anonymous_9)
FN:97,(anonymous_10)
FN:98,(anonymous_11)
FN:101,(anonymous_12)
FN:120,(anonymous_13)
FNF:12
FNH:6
FNDA:14,(anonymous_2)
FNDA:16,(anonymous_3)
FNDA:0,(anonymous_4)
FNDA:0,(anonymous_5)
FNDA:0,(anonymous_6)
FNDA:0,(anonymous_7)
FNDA:8,(anonymous_8)
FNDA:4,(anonymous_9)
FNDA:4,(anonymous_10)
FNDA:4,(anonymous_11)
FNDA:0,(anonymous_12)
FNDA:0,(anonymous_13)
DA:29,1
DA:31,1
DA:40,1
DA:41,14
DA:43,14
DA:45,14
DA:47,14
DA:49,14
DA:50,14
DA:51,14
DA:52,14
DA:53,14
DA:54,14
DA:57,16
DA:58,16
DA:59,1
DA:60,1
DA:61,1
DA:63,15
DA:67,16
DA:68,16
DA:69,0
DA:70,0
DA:71,0
DA:72,0
DA:73,0
DA:74,0
DA:76,0
DA:77,0
DA:80,0
DA:82,16
DA:86,8
DA:87,8
DA:88,8
DA:89,8
DA:90,4
DA:91,4
DA:92,4
DA:93,4
DA:94,4
DA:95,4
DA:96,4
DA:97,4
DA:99,4
DA:100,0
DA:101,0
DA:102,0
DA:104,4
DA:105,4
DA:106,4
DA:107,4
DA:108,4
DA:109,4
DA:110,4
DA:113,8
DA:114,2
DA:116,6
DA:121,0
LF:58
LH:45
BRDA:58,0,0,1
BRDA:58,0,1,15
BRDA:69,1,0,0
BRDA:72,2,0,0
BRDA:72,2,1,0
BRDA:74,3,0,0
BRDA:74,3,1,0
BRDA:99,4,0,0
BRDA:99,5,0,4
BRDA:99,5,1,0
BRDA:99,5,2,0
BRDA:113,6,0,2
BRDA:113,6,1,6
BRF:13
BRH:5
end_of_record
TN:
SF:src\app\mat-search-bar\abstract-value-accessor.ts
FN:10,(anonymous_0)
FN:14,(anonymous_1)
FN:18,(anonymous_2)
FN:26,(anonymous_3)
FN:35,(anonymous_4)
FN:43,(anonymous_5)
FNF:6
FNH:0
FNDA:0,(anonymous_0)
FNDA:0,(anonymous_1)
FNDA:0,(anonymous_2)
FNDA:0,(anonymous_3)
FNDA:0,(anonymous_4)
FNDA:0,(anonymous_5)
DA:10,26
DA:14,26
DA:19,0
DA:27,0
DA:28,0
DA:36,0
DA:44,0
LF:7
LH:2
BRF:0
BRH:0
end_of_record
TN:
SF:src\app\mat-search-bar\mat-search-bar.component.ts
FN:63,(anonymous_1)
FN:67,(anonymous_2)
FN:73,(anonymous_3)
FN:82,(anonymous_4)
FN:88,(anonymous_5)
FN:95,(anonymous_6)
FN:99,(anonymous_7)
FN:41,(anonymous_8)
FNF:8
FNH:2
FNDA:52,(anonymous_1)
FNDA:26,(anonymous_2)
FNDA:0,(anonymous_3)
FNDA:0,(anonymous_4)
FNDA:0,(anonymous_5)
FNDA:0,(anonymous_6)
FNDA:0,(anonymous_7)
FNDA:0,(anonymous_8)
DA:41,0
DA:47,1
DA:53,26
DA:54,26
DA:55,26
DA:56,26
DA:57,26
DA:58,26
DA:59,26
DA:61,26
DA:64,52
DA:68,26
DA:69,0
DA:74,0
DA:75,0
DA:77,0
DA:78,0
DA:79,0
DA:83,0
DA:84,0
DA:85,0
DA:89,0
DA:90,0
DA:92,0
DA:96,0
DA:100,0
LF:26
LH:11
BRDA:64,0,0,0
BRDA:64,0,1,52
BRDA:68,1,0,0
BRDA:74,2,0,0
BRDA:89,3,0,0
BRDA:89,4,0,0
BRDA:89,4,1,0
BRF:7
BRH:1
end_of_record
TN:
SF:src\app\navbar\navbar.component.ts
FN:89,(anonymous_2)
FN:95,(anonymous_3)
FN:97,(anonymous_4)
FN:98,(anonymous_5)
FN:103,(anonymous_6)
FN:105,(anonymous_7)
FN:121,(anonymous_8)
FN:129,(anonymous_9)
FN:139,(anonymous_10)
FN:140,(anonymous_11)
FN:148,(anonymous_12)
FN:155,(anonymous_13)
FN:175,(anonymous_14)
FN:179,(anonymous_15)
FN:180,(anonymous_16)
FN:183,(anonymous_17)
FN:184,(anonymous_18)
FN:188,(anonymous_19)
FN:191,(anonymous_20)
FN:193,(anonymous_21)
FN:197,(anonymous_22)
FN:198,(anonymous_23)
FN:200,(anonymous_24)
FN:203,(anonymous_25)
FN:207,(anonymous_26)
FN:208,(anonymous_27)
FN:208,(anonymous_28)
FN:214,(anonymous_29)
FN:217,(anonymous_30)
FN:222,(anonymous_31)
FN:223,(anonymous_32)
FN:230,(anonymous_33)
FN:236,(anonymous_34)
FN:237,(anonymous_35)
FN:238,(anonymous_36)
FN:241,(anonymous_37)
FN:244,(anonymous_38)
FN:248,(anonymous_39)
FN:252,(anonymous_40)
FN:257,(anonymous_41)
FN:259,(anonymous_42)
FN:260,(anonymous_43)
FN:267,(anonymous_44)
FNF:43
FNH:25
FNDA:26,(anonymous_2)
FNDA:40,(anonymous_3)
FNDA:0,(anonymous_4)
FNDA:37,(anonymous_5)
FNDA:2,(anonymous_6)
FNDA:38,(anonymous_7)
FNDA:1,(anonymous_8)
FNDA:39,(anonymous_9)
FNDA:40,(anonymous_10)
FNDA:39,(anonymous_11)
FNDA:0,(anonymous_12)
FNDA:0,(anonymous_13)
FNDA:0,(anonymous_14)
FNDA:0,(anonymous_15)
FNDA:0,(anonymous_16)
FNDA:0,(anonymous_17)
FNDA:0,(anonymous_18)
FNDA:2,(anonymous_19)
FNDA:1,(anonymous_20)
FNDA:1,(anonymous_21)
FNDA:40,(anonymous_22)
FNDA:39,(anonymous_23)
FNDA:1,(anonymous_24)
FNDA:520,(anonymous_25)
FNDA:7,(anonymous_26)
FNDA:7,(anonymous_27)
FNDA:0,(anonymous_28)
FNDA:7,(anonymous_29)
FNDA:1,(anonymous_30)
FNDA:0,(anonymous_31)
FNDA:0,(anonymous_32)
FNDA:0,(anonymous_33)
FNDA:40,(anonymous_34)
FNDA:39,(anonymous_35)
FNDA:39,(anonymous_36)
FNDA:0,(anonymous_37)
FNDA:0,(anonymous_38)
FNDA:0,(anonymous_39)
FNDA:0,(anonymous_40)
FNDA:7,(anonymous_41)
FNDA:40,(anonymous_42)
FNDA:0,(anonymous_43)
FNDA:0,(anonymous_44)
DA:60,1
DA:73,1
DA:74,26
DA:75,26
DA:76,26
DA:77,26
DA:78,26
DA:79,26
DA:80,26
DA:81,26
DA:82,26
DA:83,26
DA:84,26
DA:85,26
DA:87,26
DA:89,26
DA:90,26
DA:91,26
DA:92,26
DA:93,26
DA:96,40
DA:97,40
DA:98,40
DA:99,37
DA:101,1
DA:103,2
DA:105,40
DA:106,38
DA:107,1
DA:109,38
DA:110,2
DA:113,38
DA:114,0
DA:116,0
DA:117,0
DA:119,0
DA:121,1
DA:123,40
DA:124,1
DA:126,39
DA:129,40
DA:130,39
DA:131,39
DA:133,0
DA:137,40
DA:139,40
DA:140,40
DA:141,39
DA:142,0
DA:149,0
DA:150,0
DA:151,0
DA:154,0
DA:155,0
DA:157,0
DA:158,0
DA:162,0
DA:163,0
DA:167,0
DA:168,0
DA:171,0
DA:176,0
DA:177,0
DA:178,0
DA:179,0
DA:180,0
DA:182,0
DA:183,0
DA:184,0
DA:189,2
DA:190,1
DA:191,1
DA:193,1
DA:198,40
DA:199,39
DA:200,1
DA:204,520
DA:208,7
DA:209,7
DA:210,7
DA:211,7
DA:212,7
DA:213,7
DA:214,7
DA:218,1
DA:219,1
DA:220,1
DA:221,1
DA:222,1
DA:223,0
DA:224,0
DA:226,0
DA:230,0
DA:231,0
DA:237,40
DA:238,39
DA:239,39
DA:241,0
DA:245,0
DA:249,0
DA:252,26
DA:253,0
DA:260,40
DA:261,0
DA:262,0
DA:263,0
DA:268,0
DA:269,0
LF:108
LH:68
BRDA:99,0,0,1
BRDA:106,1,0,1
BRDA:109,2,0,2
BRDA:113,3,0,0
BRDA:116,4,0,0
BRDA:123,5,0,1
BRDA:123,5,1,39
BRDA:130,6,0,39
BRDA:130,6,1,0
BRDA:141,7,0,0
BRDA:149,8,0,0
BRDA:157,9,0,0
BRDA:162,10,0,0
BRDA:167,11,0,0
BRDA:176,12,0,0
BRDA:176,12,1,0
BRDA:189,13,0,1
BRDA:189,13,1,1
BRDA:222,14,0,0
BRDA:262,15,0,0
BRDA:262,15,1,0
BRDA:269,16,0,0
BRDA:269,16,1,0
BRF:23
BRH:8
end_of_record
TN:
SF:src\app\oauth\oauth.component.ts
FN:21,(anonymous_2)
FN:23,(anonymous_3)
FN:24,(anonymous_4)
FN:26,(anonymous_5)
FN:28,(anonymous_6)
FN:29,(anonymous_7)
FN:31,(anonymous_8)
FN:35,(anonymous_9)
FN:36,(anonymous_10)
FN:43,(anonymous_11)
FN:44,(anonymous_12)
FN:46,(anonymous_13)
FN:50,(anonymous_14)
FN:57,(anonymous_15)
FNF:14
FNH:14
FNDA:5,(anonymous_2)
FNDA:8,(anonymous_3)
FNDA:7,(anonymous_4)
FNDA:6,(anonymous_5)
FNDA:1,(anonymous_6)
FNDA:1,(anonymous_7)
FNDA:1,(anonymous_8)
FNDA:8,(anonymous_9)
FNDA:7,(anonymous_10)
FNDA:7,(anonymous_11)
FNDA:1,(anonymous_12)
FNDA:1,(anonymous_13)
FNDA:2,(anonymous_14)
FNDA:8,(anonymous_15)
DA:20,1
DA:21,5
DA:24,8
DA:25,7
DA:26,7
DA:27,6
DA:28,1
DA:30,1
DA:31,1
DA:36,8
DA:37,7
DA:38,7
DA:39,7
DA:40,7
DA:41,7
DA:42,7
DA:43,7
DA:45,1
DA:46,1
DA:51,2
DA:52,2
DA:53,2
DA:54,2
DA:58,8
DA:59,8
DA:60,8
DA:61,8
DA:62,16
DA:63,16
DA:64,16
DA:66,8
LF:31
LH:31
BRF:0
BRH:0
end_of_record
TN:
SF:src\app\order-completion\order-completion.component.ts
FN:41,(anonymous_2)
FN:43,(anonymous_3)
FN:44,(anonymous_4)
FN:46,(anonymous_5)
FN:63,(anonymous_6)
FN:72,(anonymous_7)
FN:73,(anonymous_8)
FN:75,(anonymous_9)
FN:76,(anonymous_10)
FN:77,(anonymous_11)
FN:80,(anonymous_12)
FN:85,(anonymous_13)
FNF:12
FNH:9
FNDA:10,(anonymous_2)
FNDA:29,(anonymous_3)
FNDA:29,(anonymous_4)
FNDA:28,(anonymous_5)
FNDA:27,(anonymous_6)
FNDA:1,(anonymous_7)
FNDA:28,(anonymous_8)
FNDA:0,(anonymous_9)
FNDA:1,(anonymous_10)
FNDA:0,(anonymous_11)
FNDA:0,(anonymous_12)
FNDA:28,(anonymous_13)
DA:23,1
DA:31,1
DA:32,10
DA:35,10
DA:36,10
DA:37,10
DA:39,10
DA:41,10
DA:44,29
DA:45,29
DA:46,29
DA:47,28
DA:48,28
DA:49,28
DA:50,28
DA:51,28
DA:53,28
DA:54,28
DA:55,28
DA:56,28
DA:57,28
DA:58,28
DA:60,16
DA:62,28
DA:63,28
DA:64,27
DA:65,4
DA:66,4
DA:67,3
DA:69,1
DA:72,1
DA:73,28
DA:74,28
DA:75,0
DA:76,1
DA:77,0
DA:81,0
DA:82,0
DA:85,10
DA:86,28
DA:87,28
DA:88,28
LF:42
LH:38
BRDA:47,0,0,1
BRDA:47,0,1,27
BRDA:48,1,0,1
BRDA:48,1,1,27
BRDA:54,2,0,28
BRDA:54,2,1,27
BRDA:64,3,0,4
BRDA:66,4,0,3
BRDA:66,4,1,1
BRDA:85,5,0,28
BRDA:86,6,0,0
BRDA:88,7,0,2
BRDA:88,7,1,26
BRF:13
BRH:12
end_of_record
TN:
SF:src\app\order-history\order-history.component.ts
FN:50,(anonymous_2)
FN:52,(anonymous_3)
FN:53,(anonymous_4)
FN:79,(anonymous_5)
FN:82,(anonymous_6)
FN:83,(anonymous_7)
FN:99,(anonymous_8)
FN:102,(anonymous_9)
FN:107,(anonymous_10)
FN:108,(anonymous_11)
FNF:10
FNH:7
FNDA:6,(anonymous_2)
FNDA:15,(anonymous_3)
FNDA:14,(anonymous_4)
FNDA:1,(anonymous_5)
FNDA:2,(anonymous_6)
FNDA:1,(anonymous_7)
FNDA:1,(anonymous_8)
FNDA:0,(anonymous_9)
FNDA:0,(anonymous_10)
FNDA:0,(anonymous_11)
DA:45,1
DA:46,6
DA:47,6
DA:48,6
DA:50,6
DA:53,15
DA:54,14
DA:55,14
DA:56,13
DA:58,1
DA:60,14
DA:61,1
DA:62,1
DA:63,1
DA:71,1
DA:79,1
DA:83,2
DA:84,1
DA:92,1
DA:99,1
DA:103,0
DA:104,0
DA:108,0
LF:23
LH:20
BRDA:55,0,0,13
BRDA:55,0,1,1
BRF:2
BRH:2
end_of_record
TN:
SF:src\app\order-summary\order-summary.component.ts
FN:34,(anonymous_2)
FN:36,(anonymous_3)
FN:37,(anonymous_4)
FN:41,(anonymous_5)
FN:43,(anonymous_6)
FN:46,(anonymous_7)
FN:49,(anonymous_8)
FN:55,(anonymous_9)
FN:61,(anonymous_10)
FN:67,(anonymous_11)
FN:74,(anonymous_12)
FN:75,(anonymous_13)
FNF:12
FNH:11
FNDA:9,(anonymous_2)
FNDA:15,(anonymous_3)
FNDA:15,(anonymous_4)
FNDA:14,(anonymous_5)
FNDA:1,(anonymous_6)
FNDA:4,(anonymous_7)
FNDA:1,(anonymous_8)
FNDA:10,(anonymous_9)
FNDA:1,(anonymous_10)
FNDA:1,(anonymous_11)
FNDA:1,(anonymous_12)
FNDA:0,(anonymous_13)
DA:27,1
DA:28,9
DA:29,9
DA:30,9
DA:31,9
DA:34,9
DA:37,15
DA:38,15
DA:41,15
DA:42,14
DA:43,1
DA:45,15
DA:46,5
DA:47,4
DA:48,4
DA:49,1
DA:50,10
DA:51,10
DA:56,10
DA:57,10
DA:58,10
DA:62,1
DA:67,1
DA:68,1
DA:69,1
DA:70,1
DA:71,1
DA:72,1
DA:73,1
DA:74,1
DA:76,0
DA:77,0
LF:32
LH:30
BRDA:45,0,0,5
BRDA:45,0,1,10
BRDA:50,1,0,10
BRDA:57,2,0,10
BRDA:57,2,1,0
BRF:5
BRH:4
end_of_record
TN:
SF:src\app\password-strength\password-strength.component.ts
FN:24,(anonymous_1)
FN:30,(anonymous_2)
FN:39,(anonymous_3)
FN:42,(anonymous_4)
FN:46,(anonymous_5)
FN:50,(anonymous_6)
FN:54,(anonymous_7)
FN:58,(anonymous_8)
FN:62,(anonymous_9)
FNF:9
FNH:9
FNDA:28,(anonymous_1)
FNDA:28,(anonymous_2)
FNDA:140,(anonymous_3)
FNDA:84,(anonymous_4)
FNDA:28,(anonymous_5)
FNDA:28,(anonymous_6)
FNDA:28,(anonymous_7)
FNDA:28,(anonymous_8)
FNDA:28,(anonymous_9)
DA:17,1
DA:18,34
DA:19,34
DA:20,34
DA:22,34
DA:25,28
DA:26,28
DA:31,28
DA:39,140
DA:43,84
DA:47,28
DA:51,28
DA:55,28
DA:59,28
DA:63,28
LF:15
LH:15
BRDA:25,0,0,28
BRF:1
BRH:1
end_of_record
TN:
SF:src\app\password-strength-info\password-strength-info.component.ts
FN:39,(anonymous_1)
FNF:1
FNH:0
FNDA:0,(anonymous_1)
DA:17,1
DA:22,0
DA:25,0
DA:28,0
DA:31,0
DA:34,0
DA:40,0
DA:41,0
LF:8
LH:1
BRDA:40,0,0,0
BRF:1
BRH:0
end_of_record
TN:
SF:src\app\payment\payment.component.ts
FN:82,(anonymous_2)
FN:89,(anonymous_3)
FN:91,(anonymous_4)
FN:94,(anonymous_5)
FN:98,(anonymous_6)
FN:110,(anonymous_7)
FN:113,(anonymous_8)
FN:114,(anonymous_9)
FN:119,(anonymous_10)
FN:121,(anonymous_11)
FN:125,(anonymous_12)
FN:130,(anonymous_13)
FN:133,(anonymous_14)
FN:148,(anonymous_15)
FN:150,(anonymous_16)
FN:156,(anonymous_17)
FN:158,(anonymous_18)
FN:166,(anonymous_19)
FN:170,(anonymous_20)
FN:172,(anonymous_21)
FN:178,(anonymous_22)
FN:183,(anonymous_23)
FN:187,(anonymous_24)
FN:190,(anonymous_25)
FN:192,(anonymous_26)
FN:194,(anonymous_27)
FN:199,(anonymous_28)
FN:202,(anonymous_29)
FN:203,(anonymous_30)
FN:214,(anonymous_31)
FN:219,(anonymous_32)
FN:221,(anonymous_33)
FN:232,(anonymous_34)
FN:243,(anonymous_35)
FN:254,(anonymous_36)
FN:259,(anonymous_37)
FNF:36
FNH:26
FNDA:23,(anonymous_2)
FNDA:27,(anonymous_3)
FNDA:27,(anonymous_4)
FNDA:0,(anonymous_5)
FNDA:26,(anonymous_6)
FNDA:1,(anonymous_7)
FNDA:29,(anonymous_8)
FNDA:29,(anonymous_9)
FNDA:0,(anonymous_10)
FNDA:0,(anonymous_11)
FNDA:29,(anonymous_12)
FNDA:0,(anonymous_13)
FNDA:3,(anonymous_14)
FNDA:0,(anonymous_15)
FNDA:0,(anonymous_16)
FNDA:2,(anonymous_17)
FNDA:1,(anonymous_18)
FNDA:4,(anonymous_19)
FNDA:4,(anonymous_20)
FNDA:0,(anonymous_21)
FNDA:1,(anonymous_22)
FNDA:0,(anonymous_23)
FNDA:6,(anonymous_24)
FNDA:1,(anonymous_25)
FNDA:1,(anonymous_26)
FNDA:0,(anonymous_27)
FNDA:1,(anonymous_28)
FNDA:1,(anonymous_29)
FNDA:1,(anonymous_30)
FNDA:3,(anonymous_31)
FNDA:0,(anonymous_32)
FNDA:1,(anonymous_33)
FNDA:1,(anonymous_34)
FNDA:1,(anonymous_35)
FNDA:1,(anonymous_36)
FNDA:6,(anonymous_37)
DA:44,1
DA:52,1
DA:55,23
DA:56,23
DA:57,23
DA:58,23
DA:60,23
DA:62,23
DA:63,23
DA:64,23
DA:66,23
DA:68,23
DA:69,23
DA:70,23
DA:82,23
DA:83,23
DA:84,23
DA:85,23
DA:86,23
DA:87,23
DA:90,27
DA:91,27
DA:92,27
DA:93,27
DA:94,0
DA:95,27
DA:96,27
DA:98,27
DA:99,26
DA:100,2
DA:101,1
DA:103,2
DA:104,1
DA:106,2
DA:107,0
DA:110,1
DA:114,29
DA:115,29
DA:116,29
DA:117,0
DA:118,29
DA:119,0
DA:120,0
DA:121,0
DA:123,29
DA:124,29
DA:125,29
DA:126,29
DA:127,29
DA:130,0
DA:134,3
DA:135,3
DA:137,3
DA:138,3
DA:139,3
DA:141,3
DA:142,3
DA:143,3
DA:144,0
DA:145,0
DA:147,0
DA:148,0
DA:149,0
DA:151,0
DA:153,0
DA:156,3
DA:157,2
DA:159,1
DA:160,1
DA:161,1
DA:167,4
DA:168,4
DA:169,4
DA:170,4
DA:171,4
DA:173,0
DA:175,4
DA:179,1
DA:180,1
DA:184,0
DA:188,6
DA:189,6
DA:190,1
DA:191,1
DA:192,1
DA:193,1
DA:195,0
DA:196,0
DA:198,5
DA:199,2
DA:200,1
DA:201,1
DA:202,1
DA:203,1
DA:205,3
DA:206,2
DA:207,0
DA:208,0
DA:210,2
DA:212,1
DA:214,3
DA:222,1
DA:233,1
DA:244,1
DA:255,1
DA:256,1
DA:260,6
DA:261,6
DA:262,6
LF:109
LH:89
BRDA:95,0,0,0
BRDA:95,0,1,27
BRDA:96,1,0,0
BRDA:96,1,1,27
BRDA:99,2,0,2
BRDA:100,3,0,1
BRDA:103,4,0,1
BRDA:106,5,0,0
BRDA:116,6,0,0
BRDA:116,6,1,29
BRDA:118,7,0,0
BRDA:118,7,1,29
BRDA:124,8,0,18
BRDA:124,8,1,11
BRDA:143,9,0,0
BRDA:143,9,1,3
BRDA:144,10,0,0
BRDA:144,10,1,0
BRDA:189,11,0,1
BRDA:189,11,1,5
BRDA:198,12,0,2
BRDA:198,12,1,3
BRDA:205,13,0,2
BRDA:205,13,1,1
BRDA:206,14,0,0
BRF:25
BRH:16
end_of_record
TN:
SF:src\app\payment-method\payment-method.component.ts
FN:52,(anonymous_2)
FN:54,(anonymous_3)
FN:55,(anonymous_4)
FN:56,(anonymous_5)
FN:65,(anonymous_6)
FN:66,(anonymous_7)
FN:70,(anonymous_8)
FN:73,(anonymous_9)
FN:78,(anonymous_10)
FN:80,(anonymous_11)
FN:82,(anonymous_12)
FN:87,(anonymous_13)
FN:93,(anonymous_14)
FN:94,(anonymous_15)
FN:96,(anonymous_16)
FN:99,(anonymous_17)
FN:103,(anonymous_18)
FNF:17
FNH:12
FNDA:37,(anonymous_2)
FNDA:37,(anonymous_3)
FNDA:444,(anonymous_4)
FNDA:740,(anonymous_5)
FNDA:41,(anonymous_6)
FNDA:15,(anonymous_7)
FNDA:2,(anonymous_8)
FNDA:2,(anonymous_9)
FNDA:1,(anonymous_10)
FNDA:1,(anonymous_11)
FNDA:0,(anonymous_12)
FNDA:1,(anonymous_13)
FNDA:0,(anonymous_14)
FNDA:0,(anonymous_15)
FNDA:0,(anonymous_16)
FNDA:0,(anonymous_17)
FNDA:1,(anonymous_18)
DA:24,1
DA:33,1
DA:34,37
DA:35,37
DA:36,37
DA:37,37
DA:39,37
DA:40,37
DA:41,37
DA:45,37
DA:49,37
DA:50,37
DA:52,37
DA:55,444
DA:56,740
DA:57,37
DA:58,1
DA:60,36
DA:62,37
DA:66,41
DA:67,15
DA:68,15
DA:69,15
DA:70,2
DA:74,2
DA:75,2
DA:76,2
DA:77,2
DA:78,2
DA:79,1
DA:80,1
DA:81,1
DA:83,0
DA:85,1
DA:86,1
DA:88,1
DA:89,1
DA:94,0
DA:95,0
DA:96,0
DA:100,0
DA:104,1
DA:105,1
DA:106,1
DA:107,1
DA:108,1
DA:109,1
DA:110,1
DA:111,1
DA:112,1
DA:113,1
DA:114,1
DA:115,1
LF:53
LH:48
BRDA:57,0,0,1
BRDA:57,0,1,36
BRF:2
BRH:2
end_of_record
TN:
SF:src\app\photo-wall\mime-type.validator.ts
FN:9,(anonymous_0)
FN:18,(anonymous_1)
FN:19,(anonymous_2)
FNF:3
FNH:3
FNDA:1,(anonymous_0)
FNDA:1,(anonymous_1)
FNDA:1,(anonymous_2)
DA:9,1
DA:12,1
DA:13,0
DA:15,1
DA:16,1
DA:17,1
DA:19,1
DA:20,1
DA:21,1
DA:22,1
DA:23,1
DA:24,0
DA:26,1
DA:28,0
DA:29,0
DA:35,0
DA:36,0
DA:38,1
DA:39,1
DA:41,1
DA:42,0
DA:44,1
DA:46,1
DA:48,1
DA:51,1
LF:25
LH:18
BRDA:12,0,0,0
BRDA:26,1,0,0
BRDA:26,1,1,0
BRDA:26,1,2,0
BRDA:26,1,3,0
BRDA:26,1,4,0
BRDA:26,1,5,0
BRDA:26,1,6,1
BRDA:41,2,0,0
BRDA:41,2,1,1
BRF:10
BRH:2
end_of_record
TN:
SF:src\app\photo-wall\photo-wall.component.ts
FN:42,(anonymous_2)
FN:45,(anonymous_3)
FN:47,(anonymous_4)
FN:51,(anonymous_5)
FN:66,(anonymous_6)
FN:70,(anonymous_7)
FN:79,(anonymous_8)
FN:84,(anonymous_9)
FN:90,(anonymous_10)
FN:91,(anonymous_11)
FN:95,(anonymous_12)
FN:101,(anonymous_13)
FN:105,(anonymous_14)
FNF:13
FNH:11
FNDA:9,(anonymous_2)
FNDA:23,(anonymous_3)
FNDA:1,(anonymous_4)
FNDA:22,(anonymous_5)
FNDA:1,(anonymous_6)
FNDA:22,(anonymous_7)
FNDA:0,(anonymous_8)
FNDA:0,(anonymous_9)
FNDA:2,(anonymous_10)
FNDA:1,(anonymous_11)
FNDA:1,(anonymous_12)
FNDA:22,(anonymous_13)
FNDA:1,(anonymous_14)
DA:23,1
DA:31,1
DA:32,9
DA:34,9
DA:39,9
DA:40,9
DA:42,9
DA:43,9
DA:46,23
DA:47,23
DA:48,1
DA:50,1
DA:52,22
DA:53,21
DA:55,1
DA:57,22
DA:58,1
DA:60,0
DA:62,1
DA:66,23
DA:67,1
DA:69,1
DA:71,22
DA:72,1
DA:73,1
DA:80,0
DA:81,0
DA:82,0
DA:83,0
DA:84,0
DA:85,0
DA:87,0
DA:91,2
DA:92,1
DA:93,1
DA:94,1
DA:96,1
DA:97,1
DA:102,22
DA:106,1
DA:107,1
DA:108,1
DA:109,1
DA:110,1
DA:111,1
DA:112,1
LF:46
LH:38
BRDA:52,0,0,21
BRDA:52,0,1,1
BRDA:58,1,0,0
BRDA:71,2,0,1
BRDA:72,3,0,1
BRF:5
BRH:4
end_of_record
TN:
SF:src\app\privacy-policy\privacy-policy.component.ts
FN:24,(anonymous_2)
FN:26,(anonymous_3)
FN:28,(anonymous_4)
FN:37,(anonymous_5)
FNF:4
FNH:3
FNDA:1,(anonymous_2)
FNDA:1,(anonymous_3)
FNDA:1,(anonymous_4)
FNDA:0,(anonymous_5)
DA:19,1
DA:20,1
DA:24,1
DA:27,1
DA:28,1
DA:29,1
DA:30,0
DA:32,1
DA:33,0
DA:35,1
DA:37,0
LF:11
LH:8
BRDA:29,0,0,0
BRDA:32,1,0,0
BRDA:32,1,1,1
BRF:3
BRH:1
end_of_record
TN:
SF:src\app\privacy-security\privacy-security.component.ts
FNF:0
FNH:0
DA:15,1
LF:1
LH:1
BRF:0
BRH:0
end_of_record
TN:
SF:src\app\product-details\product-details.component.ts
FN:42,(anonymous_2)
FN:46,(anonymous_3)
FN:49,(anonymous_4)
FN:55,(anonymous_5)
FN:58,(anonymous_6)
FN:64,(anonymous_7)
FN:68,(anonymous_8)
FN:70,(anonymous_9)
FN:74,(anonymous_10)
FN:81,(anonymous_11)
FN:84,(anonymous_12)
FN:85,(anonymous_13)
FN:88,(anonymous_14)
FN:91,(anonymous_15)
FNF:14
FNH:11
FNDA:8,(anonymous_2)
FNDA:15,(anonymous_3)
FNDA:14,(anonymous_4)
FNDA:1,(anonymous_5)
FNDA:8,(anonymous_6)
FNDA:4,(anonymous_7)
FNDA:3,(anonymous_8)
FNDA:1,(anonymous_9)
FNDA:2,(anonymous_10)
FNDA:2,(anonymous_11)
FNDA:0,(anonymous_12)
FNDA:0,(anonymous_13)
FNDA:0,(anonymous_14)
FNDA:148,(anonymous_15)
DA:29,1
DA:37,1
DA:38,8
DA:41,8
DA:42,8
DA:43,8
DA:44,8
DA:47,15
DA:48,15
DA:49,15
DA:50,14
DA:51,3
DA:53,11
DA:55,1
DA:59,8
DA:60,8
DA:65,4
DA:67,4
DA:68,4
DA:69,3
DA:70,1
DA:71,4
DA:75,2
DA:81,2
DA:85,0
DA:86,0
DA:88,0
DA:92,148
LF:28
LH:25
BRDA:50,0,0,3
BRDA:50,0,1,11
BRDA:59,1,0,8
BRF:3
BRH:3
end_of_record
TN:
SF:src\app\product-review-edit\product-review-edit.component.ts
FN:35,(anonymous_2)
FN:38,(anonymous_3)
FN:42,(anonymous_4)
FN:43,(anonymous_5)
FN:45,(anonymous_6)
FNF:5
FNH:5
FNDA:5,(anonymous_2)
FNDA:9,(anonymous_3)
FNDA:3,(anonymous_4)
FNDA:2,(anonymous_5)
FNDA:1,(anonymous_6)
DA:23,1
DA:31,1
DA:32,5
DA:33,5
DA:35,5
DA:36,5
DA:39,9
DA:43,3
DA:44,2
DA:46,1
DA:47,1
DA:49,3
LF:12
LH:12
BRF:0
BRH:0
end_of_record
TN:
SF:src\app\purchase-basket\purchase-basket.component.ts
FN:40,(anonymous_2)
FN:43,(anonymous_3)
FN:48,(anonymous_4)
FN:51,(anonymous_5)
FN:54,(anonymous_6)
FN:55,(anonymous_7)
FN:57,(anonymous_8)
FN:63,(anonymous_9)
FN:65,(anonymous_10)
FN:67,(anonymous_11)
FN:70,(anonymous_12)
FN:71,(anonymous_13)
FN:74,(anonymous_14)
FN:77,(anonymous_15)
FN:81,(anonymous_16)
FN:85,(anonymous_17)
FN:86,(anonymous_18)
FN:89,(anonymous_19)
FN:92,(anonymous_20)
FN:96,(anonymous_21)
FN:99,(anonymous_22)
FN:104,(anonymous_23)
FNF:22
FNH:22
FNDA:36,(anonymous_2)
FNDA:38,(anonymous_3)
FNDA:24,(anonymous_4)
FNDA:1,(anonymous_5)
FNDA:53,(anonymous_6)
FNDA:47,(anonymous_7)
FNDA:1,(anonymous_8)
FNDA:13,(anonymous_9)
FNDA:13,(anonymous_10)
FNDA:2,(anonymous_11)
FNDA:3,(anonymous_12)
FNDA:2,(anonymous_13)
FNDA:1,(anonymous_14)
FNDA:5,(anonymous_15)
FNDA:6,(anonymous_16)
FNDA:11,(anonymous_17)
FNDA:9,(anonymous_18)
FNDA:7,(anonymous_19)
FNDA:2,(anonymous_20)
FNDA:2,(anonymous_21)
FNDA:47,(anonymous_22)
FNDA:47,(anonymous_23)
DA:21,1
DA:29,1
DA:30,36
DA:31,36
DA:32,36
DA:33,36
DA:34,36
DA:35,36
DA:36,36
DA:37,36
DA:38,36
DA:40,36
DA:41,36
DA:44,38
DA:45,4
DA:47,38
DA:48,38
DA:49,24
DA:50,24
DA:51,1
DA:55,53
DA:56,47
DA:57,1
DA:58,1
DA:61,47
DA:63,47
DA:65,47
DA:66,47
DA:67,2
DA:71,3
DA:72,2
DA:73,2
DA:74,1
DA:78,5
DA:82,6
DA:86,11
DA:88,9
DA:89,9
DA:90,7
DA:91,7
DA:93,2
DA:94,2
DA:96,2
DA:100,47
DA:101,47
DA:105,47
LF:46
LH:46
BRDA:44,0,0,4
BRDA:44,1,0,38
BRDA:44,1,1,4
BRDA:49,2,0,24
BRDA:49,2,1,23
BRDA:56,3,0,1
BRDA:89,4,0,4
BRDA:89,4,1,5
BRF:8
BRH:8
end_of_record
TN:
SF:src\app\qr-code\qr-code.component.ts
FN:29,(anonymous_2)
FN:31,(anonymous_3)
FNF:2
FNH:2
FNDA:1,(anonymous_2)
FNDA:2,(anonymous_3)
DA:16,1
DA:24,1
DA:29,1
DA:32,2
DA:33,2
DA:34,2
DA:35,2
LF:7
LH:7
BRF:0
BRH:0
end_of_record
TN:
SF:src\app\recycle\recycle.component.ts
FN:47,(anonymous_2)
FN:51,(anonymous_3)
FN:52,(anonymous_4)
FN:59,(anonymous_5)
FN:64,(anonymous_6)
FN:67,(anonymous_7)
FN:68,(anonymous_8)
FN:73,(anonymous_9)
FN:76,(anonymous_10)
FN:84,(anonymous_11)
FN:86,(anonymous_12)
FN:88,(anonymous_13)
FN:92,(anonymous_14)
FN:94,(anonymous_15)
FN:101,(anonymous_16)
FN:107,(anonymous_17)
FN:108,(anonymous_18)
FN:110,(anonymous_19)
FN:115,(anonymous_20)
FN:126,(anonymous_21)
FNF:20
FNH:15
FNDA:14,(anonymous_2)
FNDA:24,(anonymous_3)
FNDA:23,(anonymous_4)
FNDA:1,(anonymous_5)
FNDA:0,(anonymous_6)
FNDA:24,(anonymous_7)
FNDA:23,(anonymous_8)
FNDA:1,(anonymous_9)
FNDA:2,(anonymous_10)
FNDA:2,(anonymous_11)
FNDA:1,(anonymous_12)
FNDA:0,(anonymous_13)
FNDA:1,(anonymous_14)
FNDA:0,(anonymous_15)
FNDA:0,(anonymous_16)
FNDA:24,(anonymous_17)
FNDA:23,(anonymous_18)
FNDA:1,(anonymous_19)
FNDA:3,(anonymous_20)
FNDA:0,(anonymous_21)
DA:26,1
DA:34,1
DA:36,14
DA:37,14
DA:38,14
DA:39,14
DA:43,14
DA:46,14
DA:47,14
DA:48,14
DA:49,14
DA:52,24
DA:53,23
DA:55,2
DA:57,2
DA:59,1
DA:61,24
DA:62,24
DA:64,24
DA:68,24
DA:69,23
DA:70,23
DA:71,23
DA:72,23
DA:73,1
DA:77,2
DA:78,2
DA:79,2
DA:80,1
DA:81,1
DA:84,2
DA:85,2
DA:86,1
DA:87,1
DA:89,0
DA:92,1
DA:93,1
DA:95,0
DA:98,2
DA:99,2
DA:100,2
DA:102,0
DA:103,0
DA:108,24
DA:109,23
DA:111,1
DA:116,3
DA:117,3
DA:118,3
DA:119,3
DA:120,3
DA:121,3
DA:122,3
DA:123,3
DA:127,0
LF:55
LH:50
BRDA:53,0,0,2
BRDA:79,1,0,1
BRDA:85,2,0,1
BRDA:85,2,1,1
BRF:4
BRH:4
end_of_record
TN:
SF:src\app\register\register.component.ts
FN:51,(anonymous_2)
FN:61,(anonymous_3)
FN:62,(anonymous_4)
FN:64,(anonymous_5)
FN:66,(anonymous_6)
FN:69,(anonymous_7)
FN:74,(anonymous_8)
FN:78,(anonymous_9)
FN:83,(anonymous_10)
FN:84,(anonymous_11)
FN:87,(anonymous_12)
FN:102,matchValidator
FN:103,matchOtherValidate
FNF:13
FNH:12
FNDA:13,(anonymous_2)
FNDA:16,(anonymous_3)
FNDA:15,(anonymous_4)
FNDA:1,(anonymous_5)
FNDA:0,(anonymous_6)
FNDA:2,(anonymous_7)
FNDA:2,(anonymous_8)
FNDA:1,(anonymous_9)
FNDA:1,(anonymous_10)
FNDA:1,(anonymous_11)
FNDA:1,(anonymous_12)
FNDA:13,matchValidator
FNDA:31,matchOtherValidate
DA:33,1
DA:41,1
DA:42,13
DA:43,13
DA:44,13
DA:45,13
DA:46,13
DA:49,13
DA:51,13
DA:52,13
DA:53,13
DA:54,13
DA:55,13
DA:56,13
DA:57,13
DA:58,13
DA:59,13
DA:62,16
DA:63,15
DA:64,1
DA:66,16
DA:70,2
DA:74,2
DA:78,2
DA:79,1
DA:84,1
DA:85,1
DA:88,1
DA:89,1
DA:90,0
DA:91,0
DA:93,0
DA:95,0
DA:103,13
DA:104,31
DA:105,31
DA:106,31
DA:107,2
DA:109,29
LF:39
LH:35
BRDA:89,0,0,0
BRDA:91,1,0,0
BRDA:91,1,1,0
BRDA:106,2,0,2
BRF:4
BRH:1
end_of_record
TN:
SF:src\app\saved-address\saved-address.component.ts
FNF:0
FNH:0
DA:16,1
LF:1
LH:1
BRF:0
BRH:0
end_of_record
TN:
SF:src\app\saved-payment-methods\saved-payment-methods.component.ts
FNF:0
FNH:0
DA:17,1
LF:1
LH:1
BRF:0
BRH:0
end_of_record
TN:
SF:src\app\score-board\score-board.component.ts
FN:56,(anonymous_2)
FN:67,(anonymous_3)
FN:71,(anonymous_4)
FN:74,(anonymous_5)
FN:77,(anonymous_6)
FN:89,(anonymous_7)
FN:99,(anonymous_8)
FN:107,(anonymous_9)
FN:113,(anonymous_10)
FN:118,(anonymous_11)
FN:130,(anonymous_12)
FN:133,(anonymous_13)
FN:138,(anonymous_14)
FN:150,(anonymous_15)
FN:153,(anonymous_16)
FN:163,(anonymous_17)
FN:167,(anonymous_18)
FN:173,(anonymous_19)
FN:174,(anonymous_20)
FN:186,(anonymous_21)
FN:187,(anonymous_22)
FNF:21
FNH:14
FNDA:4,(anonymous_2)
FNDA:4,(anonymous_3)
FNDA:4,(anonymous_4)
FNDA:12,(anonymous_5)
FNDA:0,(anonymous_6)
FNDA:4,(anonymous_7)
FNDA:4,(anonymous_8)
FNDA:0,(anonymous_9)
FNDA:1,(anonymous_10)
FNDA:3,(anonymous_11)
FNDA:1,(anonymous_12)
FNDA:2,(anonymous_13)
FNDA:6,(anonymous_14)
FNDA:2,(anonymous_15)
FNDA:11,(anonymous_16)
FNDA:12,(anonymous_17)
FNDA:0,(anonymous_18)
FNDA:0,(anonymous_19)
FNDA:0,(anonymous_20)
FNDA:0,(anonymous_21)
FNDA:0,(anonymous_22)
DA:46,1
DA:47,4
DA:48,4
DA:49,4
DA:50,4
DA:52,4
DA:54,4
DA:57,4
DA:58,4
DA:59,4
DA:60,4
DA:61,4
DA:62,4
DA:63,4
DA:64,4
DA:68,4
DA:72,4
DA:74,4
DA:75,12
DA:77,0
DA:83,4
DA:84,4
DA:85,4
DA:87,4
DA:89,4
DA:90,4
DA:91,4
DA:93,4
DA:95,4
DA:96,4
DA:100,4
DA:101,4
DA:102,4
DA:103,8
DA:108,0
DA:114,1
DA:115,0
DA:118,1
DA:119,3
DA:120,1
DA:125,2
DA:127,1
DA:130,1
DA:134,2
DA:135,0
DA:138,2
DA:139,6
DA:140,2
DA:145,4
DA:147,2
DA:150,2
DA:154,11
DA:164,12
DA:168,0
DA:174,0
DA:176,0
DA:187,0
DA:188,0
LF:58
LH:49
BRDA:77,0,0,0
BRDA:77,0,1,12
BRDA:114,1,0,0
BRDA:119,2,0,1
BRDA:134,3,0,0
BRDA:139,4,0,2
BRDA:157,5,0,11
BRDA:157,5,1,0
BRF:8
BRH:4
end_of_record
TN:
SF:src\app\score-board\components\challenge-card\challenge-card.component.ts
FN:30,(anonymous_1)
FN:31,(anonymous_2)
FN:33,(anonymous_3)
FNF:3
FNH:2
FNDA:34,(anonymous_1)
FNDA:0,(anonymous_2)
FNDA:15,(anonymous_3)
DA:17,1
DA:30,34
DA:31,15
DA:34,15
DA:35,15
DA:36,15
LF:6
LH:6
BRF:0
BRH:0
end_of_record
TN:
SF:src\app\score-board\components\challenges-unavailable-warning\challenges-unavailable-warning.component.ts
FN:31,(anonymous_1)
FN:32,(anonymous_2)
FN:33,(anonymous_3)
FN:44,(anonymous_4)
FNF:4
FNH:4
FNDA:7,(anonymous_1)
FNDA:17,(anonymous_2)
FNDA:3,(anonymous_3)
FNDA:1,(anonymous_4)
DA:16,1
DA:24,8
DA:26,8
DA:27,8
DA:29,8
DA:32,17
DA:33,7
DA:34,7
DA:35,7
DA:36,2
DA:38,7
DA:39,1
DA:40,1
DA:45,1
DA:49,1
DA:50,1
LF:16
LH:16
BRDA:35,0,0,2
BRDA:38,1,0,1
BRF:2
BRH:2
end_of_record
TN:
SF:src\app\score-board\components\coding-challenge-progress-score-card\coding-challenge-progress-score-card.component.ts
FN:20,(anonymous_1)
FN:24,(anonymous_2)
FN:28,(anonymous_3)
FN:30,(anonymous_4)
FN:33,(anonymous_5)
FN:34,(anonymous_6)
FNF:6
FNH:4
FNDA:5,(anonymous_1)
FNDA:4,(anonymous_2)
FNDA:9,(anonymous_3)
FNDA:24,(anonymous_4)
FNDA:0,(anonymous_5)
FNDA:0,(anonymous_6)
DA:13,1
DA:15,5
DA:21,5
DA:25,4
DA:29,9
DA:30,24
DA:32,9
DA:33,0
DA:34,0
DA:36,9
LF:10
LH:8
BRF:0
BRH:0
end_of_record
TN:
SF:src\app\score-board\components\difficulty-overview-score-card\difficulty-overview-score-card.component.ts
FN:50,(anonymous_1)
FN:54,(anonymous_2)
FN:58,(anonymous_3)
FN:60,(anonymous_4)
FN:62,(anonymous_5)
FN:65,(anonymous_6)
FN:66,(anonymous_7)
FN:74,(anonymous_8)
FN:84,(anonymous_9)
FNF:9
FNH:7
FNDA:8,(anonymous_1)
FNDA:4,(anonymous_2)
FNDA:12,(anonymous_3)
FNDA:24,(anonymous_4)
FNDA:24,(anonymous_5)
FNDA:0,(anonymous_6)
FNDA:0,(anonymous_7)
FNDA:15,(anonymous_8)
FNDA:75,(anonymous_9)
DA:18,1
DA:33,1
DA:35,8
DA:41,8
DA:51,8
DA:55,4
DA:59,12
DA:60,24
DA:61,12
DA:62,24
DA:64,12
DA:65,0
DA:66,0
DA:68,12
DA:70,12
DA:71,12
DA:75,15
DA:76,15
DA:77,33
DA:78,33
DA:79,15
DA:80,15
DA:83,15
DA:84,75
LF:24
LH:22
BRDA:77,0,0,8
BRDA:77,0,1,25
BRDA:78,1,0,15
BRDA:80,2,0,6
BRDA:80,2,1,9
BRF:5
BRH:5
end_of_record
TN:
SF:src\app\score-board\components\difficulty-stars\difficulty-stars.component.ts
FNF:0
FNH:0
DA:10,1
LF:1
LH:1
BRF:0
BRH:0
end_of_record
TN:
SF:src\app\score-board\components\filter-settings\filter-settings.component.ts
FN:38,(anonymous_2)
FN:41,(anonymous_3)
FN:42,(anonymous_4)
FN:45,(anonymous_5)
FN:51,(anonymous_6)
FN:57,(anonymous_7)
FN:63,(anonymous_8)
FN:69,(anonymous_9)
FN:75,(anonymous_10)
FN:84,(anonymous_11)
FNF:10
FNH:10
FNDA:18,(anonymous_2)
FNDA:4,(anonymous_3)
FNDA:12,(anonymous_4)
FNDA:1,(anonymous_5)
FNDA:1,(anonymous_6)
FNDA:1,(anonymous_7)
FNDA:1,(anonymous_8)
FNDA:1,(anonymous_9)
FNDA:43,(anonymous_10)
FNDA:1,(anonymous_11)
DA:25,1
DA:33,18
DA:38,18
DA:40,18
DA:42,12
DA:46,1
DA:47,1
DA:48,1
DA:52,1
DA:53,1
DA:54,1
DA:58,1
DA:59,1
DA:60,1
DA:64,1
DA:65,1
DA:66,1
DA:70,1
DA:71,1
DA:72,1
DA:76,43
DA:85,1
LF:22
LH:22
BRDA:76,0,0,43
BRDA:76,0,1,42
BRDA:76,0,2,41
BRDA:76,0,3,40
BRDA:76,0,4,39
BRDA:76,0,5,38
BRF:6
BRH:6
end_of_record
TN:
SF:src\app\score-board\components\filter-settings\components\category-filter\category-filter.component.ts
FN:26,(anonymous_1)
FN:30,(anonymous_2)
FN:34,(anonymous_3)
FN:35,(anonymous_4)
FN:38,(anonymous_5)
FN:40,(anonymous_6)
FN:47,(anonymous_7)
FN:51,(anonymous_8)
FN:55,(anonymous_9)
FNF:9
FNH:9
FNDA:21,(anonymous_1)
FNDA:18,(anonymous_2)
FNDA:40,(anonymous_3)
FNDA:40,(anonymous_4)
FNDA:4,(anonymous_5)
FNDA:1,(anonymous_6)
FNDA:40,(anonymous_7)
FNDA:44,(anonymous_8)
FNDA:1,(anonymous_9)
DA:14,1
DA:15,21
DA:24,21
DA:27,21
DA:31,18
DA:35,40
DA:39,4
DA:40,1
DA:42,3
DA:44,4
DA:48,40
DA:52,44
DA:56,1
DA:57,1
LF:14
LH:14
BRDA:39,0,0,1
BRDA:39,0,1,3
BRF:2
BRH:2
end_of_record
TN:
SF:src\app\score-board\components\filter-settings\components\score-board-additional-settings-dialog\score-board-additional-settings-dialog.component.ts
FN:15,(anonymous_2)
FNF:1
FNH:1
FNDA:1,(anonymous_2)
DA:14,1
DA:16,1
LF:2
LH:2
BRF:0
BRH:0
end_of_record
TN:
SF:src\app\score-board\components\filter-settings\pipes\difficulty-selection-summary.pipe.ts
FN:16,(anonymous_1)
FN:27,breakDifficultiesIntoNeighboringGroups
FN:46,convertDifficultyGroupsToString
FN:47,(anonymous_4)
FNF:4
FNH:4
FNDA:7,(anonymous_1)
FNDA:6,breakDifficultiesIntoNeighboringGroups
FNDA:6,convertDifficultyGroupsToString
FNDA:11,(anonymous_4)
DA:15,1
DA:17,7
DA:18,1
DA:21,6
DA:22,6
DA:23,6
DA:28,6
DA:29,6
DA:30,6
DA:31,23
DA:32,6
DA:34,17
DA:35,12
DA:37,5
DA:38,5
DA:42,6
DA:43,6
DA:47,6
DA:48,11
DA:49,6
DA:51,5
LF:21
LH:21
BRDA:17,0,0,1
BRDA:31,1,0,6
BRDA:31,1,1,17
BRDA:34,2,0,12
BRDA:34,2,1,5
BRDA:48,3,0,6
BRDA:48,3,1,5
BRF:7
BRH:7
end_of_record
TN:
SF:src\app\score-board\components\hacking-challenge-progress-score-card\hacking-challenge-progress-score-card.component.ts
FN:18,(anonymous_1)
FN:22,(anonymous_2)
FN:26,(anonymous_3)
FN:27,(anonymous_4)
FNF:4
FNH:4
FNDA:5,(anonymous_1)
FNDA:4,(anonymous_2)
FNDA:9,(anonymous_3)
FNDA:24,(anonymous_4)
DA:12,1
DA:14,5
DA:19,5
DA:23,4
DA:27,24
LF:5
LH:5
BRF:0
BRH:0
end_of_record
TN:
SF:src\app\score-board\components\score-card\score-card.component.ts
FNF:0
FNH:0
DA:10,1
DA:21,19
DA:24,19
LF:3
LH:3
BRF:0
BRH:0
end_of_record
TN:
SF:src\app\score-board\components\tutorial-mode-warning\tutorial-mode-warning.component.ts
FN:24,(anonymous_1)
FN:31,(anonymous_2)
FN:32,(anonymous_3)
FNF:3
FNH:3
FNDA:7,(anonymous_1)
FNDA:4,(anonymous_2)
FNDA:2,(anonymous_3)
DA:15,1
DA:20,7
DA:22,7
DA:25,7
DA:26,5
DA:27,5
DA:30,2
DA:31,4
DA:32,2
DA:33,2
LF:10
LH:10
BRDA:25,0,0,5
BRF:1
BRH:1
end_of_record
TN:
SF:src\app\score-board\components\warning-card\warning-card.component.ts
FNF:0
FNH:0
DA:9,1
LF:1
LH:1
BRF:0
BRH:0
end_of_record
TN:
SF:src\app\score-board\filter-settings\FilterSetting.ts
FNF:0
FNH:0
DA:26,1
LF:1
LH:1
BRF:0
BRH:0
end_of_record
TN:
SF:src\app\score-board\filter-settings\query-params-converters.ts
FN:5,fromQueryParams
FN:13,(anonymous_1)
FN:14,(anonymous_2)
FN:32,toQueryParams
FNF:4
FNH:4
FNDA:7,fromQueryParams
FNDA:5,(anonymous_1)
FNDA:5,(anonymous_2)
FNDA:3,toQueryParams
DA:6,7
DA:7,7
DA:8,2
DA:10,7
DA:11,2
DA:13,5
DA:14,5
DA:16,7
DA:17,1
DA:19,7
DA:20,2
DA:22,7
DA:23,2
DA:25,7
DA:26,1
DA:29,7
DA:33,3
LF:17
LH:17
BRDA:7,0,0,2
BRDA:10,1,0,2
BRDA:16,2,0,1
BRDA:19,3,0,2
BRDA:22,4,0,2
BRDA:25,5,0,1
BRDA:34,6,0,3
BRDA:34,6,1,1
BRDA:35,7,0,3
BRDA:35,7,1,1
BRDA:36,8,0,3
BRDA:36,8,1,1
BRDA:37,9,0,3
BRDA:37,9,1,2
BRDA:38,10,0,3
BRDA:38,10,1,1
BRDA:39,11,0,2
BRDA:39,11,1,1
BRF:18
BRH:18
end_of_record
TN:
SF:src\app\score-board\helpers\challenge-filtering.ts
FN:4,filterChallenges
FN:11,(anonymous_1)
FN:18,(anonymous_2)
FN:25,(anonymous_3)
FN:29,(anonymous_4)
FN:34,(anonymous_5)
FN:41,(anonymous_6)
FN:48,(anonymous_7)
FN:62,(anonymous_8)
FN:68,(anonymous_9)
FN:70,(anonymous_10)
FN:81,(anonymous_11)
FN:82,(anonymous_12)
FN:93,getCompleteChallengeStatus
FNF:14
FNH:14
FNDA:30,filterChallenges
FNDA:84,(anonymous_1)
FNDA:81,(anonymous_2)
FNDA:78,(anonymous_3)
FNDA:6,(anonymous_4)
FNDA:75,(anonymous_5)
FNDA:69,(anonymous_6)
FNDA:68,(anonymous_7)
FNDA:66,(anonymous_8)
FNDA:36,(anonymous_9)
FNDA:18,(anonymous_10)
FNDA:9,(anonymous_11)
FNDA:7,(anonymous_12)
FNDA:9,getCompleteChallengeStatus
DA:8,30
DA:12,84
DA:13,78
DA:15,6
DA:19,81
DA:20,75
DA:22,6
DA:26,78
DA:27,72
DA:29,6
DA:30,6
DA:35,75
DA:36,66
DA:38,9
DA:42,69
DA:43,57
DA:45,12
DA:49,68
DA:50,62
DA:52,6
DA:63,66
DA:64,54
DA:67,12
DA:68,36
DA:70,18
DA:72,12
DA:73,3
DA:74,9
DA:76,4
DA:80,5
DA:81,9
DA:82,7
DA:83,5
DA:85,5
DA:86,4
DA:88,1
DA:96,9
DA:97,3
DA:100,6
DA:101,0
DA:103,6
DA:104,3
DA:106,3
LF:43
LH:42
BRDA:12,0,0,78
BRDA:19,1,0,75
BRDA:26,2,0,72
BRDA:35,3,0,66
BRDA:42,4,0,57
BRDA:49,5,0,62
BRDA:53,6,0,6
BRDA:53,6,1,5
BRDA:63,7,0,54
BRDA:72,8,0,3
BRDA:72,8,1,9
BRDA:74,9,0,4
BRDA:74,10,0,9
BRDA:74,10,1,9
BRDA:85,11,0,4
BRDA:96,12,0,3
BRDA:100,13,0,0
BRDA:100,13,1,6
BRDA:101,14,0,0
BRDA:101,14,1,0
BRDA:103,15,0,3
BRF:21
BRH:18
end_of_record
TN:
SF:src\app\score-board\helpers\challenge-sorting.ts
FN:5,sortChallenges
FNF:1
FNH:1
FNDA:21,sortChallenges
DA:8,21
LF:1
LH:1
BRF:0
BRH:0
end_of_record
TN:
SF:src\app\score-board\pipes\challenge-hint.pipe.ts
FN:16,(anonymous_2)
FN:18,(anonymous_3)
FN:20,(anonymous_4)
FNF:3
FNH:0
FNDA:0,(anonymous_2)
FNDA:0,(anonymous_3)
FNDA:0,(anonymous_4)
DA:15,1
DA:16,0
DA:19,0
DA:20,0
DA:22,0
LF:5
LH:1
BRDA:18,0,0,0
BRDA:19,1,0,0
BRF:2
BRH:0
end_of_record
TN:
SF:src\app\search-result\search-result.component.ts
FN:65,(anonymous_2)
FN:71,(anonymous_3)
FN:74,(anonymous_4)
FN:89,(anonymous_5)
FN:106,(anonymous_6)
FN:128,(anonymous_7)
FN:131,(anonymous_8)
FN:138,(anonymous_9)
FN:151,(anonymous_10)
FN:155,(anonymous_11)
FN:160,(anonymous_12)
FN:175,(anonymous_13)
FN:177,(anonymous_14)
FN:182,(anonymous_15)
FN:192,(anonymous_16)
FN:193,(anonymous_17)
FN:199,(anonymous_18)
FN:202,(anonymous_19)
FN:203,(anonymous_20)
FN:204,(anonymous_21)
FN:207,(anonymous_22)
FN:211,(anonymous_23)
FN:212,(anonymous_24)
FN:216,(anonymous_25)
FN:221,(anonymous_26)
FN:222,(anonymous_27)
FN:223,(anonymous_28)
FN:226,(anonymous_29)
FN:230,(anonymous_30)
FN:231,(anonymous_31)
FN:236,(anonymous_32)
FN:239,(anonymous_33)
FN:243,(anonymous_34)
FN:260,(anonymous_35)
FNF:34
FNH:27
FNDA:25,(anonymous_2)
FNDA:55,(anonymous_3)
FNDA:51,(anonymous_4)
FNDA:0,(anonymous_5)
FNDA:0,(anonymous_6)
FNDA:4,(anonymous_7)
FNDA:51,(anonymous_8)
FNDA:25,(anonymous_9)
FNDA:54,(anonymous_10)
FNDA:3,(anonymous_11)
FNDA:3,(anonymous_12)
FNDA:0,(anonymous_13)
FNDA:0,(anonymous_14)
FNDA:1,(anonymous_15)
FNDA:15,(anonymous_16)
FNDA:13,(anonymous_17)
FNDA:5,(anonymous_18)
FNDA:4,(anonymous_19)
FNDA:2,(anonymous_20)
FNDA:2,(anonymous_21)
FNDA:0,(anonymous_22)
FNDA:2,(anonymous_23)
FNDA:1,(anonymous_24)
FNDA:2,(anonymous_25)
FNDA:4,(anonymous_26)
FNDA:2,(anonymous_27)
FNDA:2,(anonymous_28)
FNDA:0,(anonymous_29)
FNDA:2,(anonymous_30)
FNDA:2,(anonymous_31)
FNDA:2,(anonymous_32)
FNDA:3,(anonymous_33)
FNDA:0,(anonymous_34)
FNDA:6,(anonymous_35)
DA:33,1
DA:51,1
DA:52,25
DA:54,25
DA:58,25
DA:59,25
DA:62,25
DA:63,25
DA:65,25
DA:66,25
DA:67,25
DA:68,25
DA:72,55
DA:73,55
DA:74,55
DA:75,51
DA:76,51
DA:77,51
DA:78,51
DA:79,1
DA:88,51
DA:89,0
DA:90,0
DA:92,0
DA:93,0
DA:95,0
DA:97,51
DA:98,51
DA:99,1
DA:101,51
DA:102,51
DA:103,51
DA:104,51
DA:105,51
DA:106,51
DA:107,0
DA:109,51
DA:110,51
DA:111,0
DA:113,51
DA:114,51
DA:115,51
DA:116,51
DA:117,51
DA:118,51
DA:119,51
DA:120,51
DA:125,0
DA:127,51
DA:128,4
DA:132,51
DA:133,1
DA:139,25
DA:140,25
DA:142,25
DA:143,0
DA:145,25
DA:146,25
DA:152,54
DA:153,54
DA:154,3
DA:155,3
DA:156,3
DA:158,3
DA:159,3
DA:160,3
DA:161,3
DA:162,3
DA:164,0
DA:168,51
DA:169,51
DA:170,51
DA:176,0
DA:177,0
DA:178,0
DA:183,1
DA:193,15
DA:194,13
DA:195,13
DA:196,13
DA:197,14
DA:198,7
DA:199,7
DA:201,5
DA:202,5
DA:203,4
DA:204,2
DA:205,2
DA:206,2
DA:208,0
DA:209,0
DA:211,2
DA:213,1
DA:214,1
DA:216,2
DA:217,7
DA:220,13
DA:221,6
DA:222,4
DA:223,2
DA:224,2
DA:225,2
DA:227,0
DA:228,0
DA:230,2
DA:232,2
DA:233,2
DA:236,2
DA:240,3
DA:244,0
DA:245,0
DA:246,0
DA:247,0
DA:248,0
DA:249,0
DA:250,0
DA:251,0
DA:256,0
DA:261,6
LF:119
LH:93
BRDA:92,0,0,0
BRDA:110,1,0,0
BRDA:110,2,0,51
BRDA:110,2,1,0
BRDA:113,3,0,51
BRDA:113,3,1,0
BRDA:115,4,0,51
BRDA:117,5,0,51
BRDA:119,6,0,51
BRDA:139,7,0,25
BRDA:142,8,0,0
BRDA:145,9,0,25
BRDA:153,10,0,3
BRDA:153,10,1,51
BRDA:161,11,0,3
BRDA:161,11,1,0
BRDA:197,12,0,7
BRDA:220,13,0,6
BRDA:244,14,0,0
BRDA:244,14,1,0
BRDA:246,15,0,0
BRDA:248,16,0,0
BRDA:250,17,0,0
BRF:23
BRH:12
end_of_record
TN:
SF:src\app\server-started-notification\server-started-notification.component.ts
FN:30,(anonymous_2)
FN:33,(anonymous_3)
FN:34,(anonymous_4)
FN:35,(anonymous_5)
FN:40,(anonymous_6)
FN:41,(anonymous_7)
FN:43,(anonymous_8)
FN:46,(anonymous_9)
FN:48,(anonymous_10)
FN:50,(anonymous_11)
FN:56,(anonymous_12)
FN:57,(anonymous_13)
FN:62,(anonymous_14)
FN:63,(anonymous_15)
FN:72,(anonymous_16)
FN:76,(anonymous_17)
FNF:16
FNH:10
FNDA:11,(anonymous_2)
FNDA:18,(anonymous_3)
FNDA:18,(anonymous_4)
FNDA:17,(anonymous_5)
FNDA:3,(anonymous_6)
FNDA:3,(anonymous_7)
FNDA:0,(anonymous_8)
FNDA:3,(anonymous_9)
FNDA:3,(anonymous_10)
FNDA:0,(anonymous_11)
FNDA:0,(anonymous_12)
FNDA:0,(anonymous_13)
FNDA:0,(anonymous_14)
FNDA:0,(anonymous_15)
FNDA:1,(anonymous_16)
FNDA:1,(anonymous_17)
DA:27,1
DA:28,11
DA:30,11
DA:34,18
DA:35,18
DA:36,17
DA:37,17
DA:38,17
DA:39,17
DA:40,6
DA:41,3
DA:42,3
DA:44,0
DA:47,3
DA:48,3
DA:49,3
DA:51,0
DA:55,17
DA:56,0
DA:58,0
DA:61,17
DA:62,0
DA:64,0
DA:67,17
DA:73,1
DA:77,1
DA:78,1
DA:79,1
DA:80,1
DA:81,1
DA:82,1
DA:83,1
DA:84,1
DA:85,1
DA:86,1
DA:87,1
DA:88,1
DA:89,1
LF:38
LH:32
BRDA:39,0,0,6
BRDA:55,1,0,0
BRDA:61,2,0,0
BRF:3
BRH:1
end_of_record
TN:
SF:src\app\sidenav\sidenav.component.ts
FN:44,(anonymous_2)
FN:48,(anonymous_3)
FN:49,(anonymous_4)
FN:54,(anonymous_5)
FN:64,(anonymous_6)
FN:71,(anonymous_7)
FN:72,(anonymous_8)
FN:80,(anonymous_9)
FN:84,(anonymous_10)
FN:85,(anonymous_11)
FN:85,(anonymous_12)
FN:91,(anonymous_13)
FN:94,(anonymous_14)
FN:98,(anonymous_15)
FN:103,(anonymous_16)
FN:105,(anonymous_17)
FN:106,(anonymous_18)
FN:107,(anonymous_19)
FN:110,(anonymous_20)
FN:113,(anonymous_21)
FN:114,(anonymous_22)
FN:116,(anonymous_23)
FN:119,(anonymous_24)
FN:123,(anonymous_25)
FN:124,(anonymous_26)
FN:134,(anonymous_27)
FN:137,(anonymous_28)
FN:142,(anonymous_29)
FN:145,(anonymous_30)
FNF:29
FNH:19
FNDA:14,(anonymous_2)
FNDA:15,(anonymous_3)
FNDA:14,(anonymous_4)
FNDA:0,(anonymous_5)
FNDA:14,(anonymous_6)
FNDA:15,(anonymous_7)
FNDA:14,(anonymous_8)
FNDA:252,(anonymous_9)
FNDA:7,(anonymous_10)
FNDA:7,(anonymous_11)
FNDA:0,(anonymous_12)
FNDA:7,(anonymous_13)
FNDA:0,(anonymous_14)
FNDA:0,(anonymous_15)
FNDA:7,(anonymous_16)
FNDA:17,(anonymous_17)
FNDA:16,(anonymous_18)
FNDA:16,(anonymous_19)
FNDA:0,(anonymous_20)
FNDA:14,(anonymous_21)
FNDA:14,(anonymous_22)
FNDA:0,(anonymous_23)
FNDA:0,(anonymous_24)
FNDA:15,(anonymous_25)
FNDA:14,(anonymous_26)
FNDA:0,(anonymous_27)
FNDA:2,(anonymous_28)
FNDA:0,(anonymous_29)
FNDA:0,(anonymous_30)
DA:32,1
DA:33,14
DA:34,14
DA:35,14
DA:36,14
DA:37,14
DA:38,14
DA:39,14
DA:40,14
DA:41,14
DA:42,14
DA:44,14
DA:45,14
DA:46,14
DA:49,15
DA:50,14
DA:52,1
DA:54,0
DA:55,15
DA:56,15
DA:58,15
DA:59,0
DA:61,15
DA:64,15
DA:65,14
DA:66,14
DA:68,0
DA:71,15
DA:72,15
DA:73,14
DA:74,0
DA:81,252
DA:85,7
DA:86,7
DA:87,7
DA:88,7
DA:89,7
DA:90,7
DA:91,7
DA:95,0
DA:99,0
DA:106,17
DA:107,16
DA:108,16
DA:110,0
DA:114,14
DA:115,14
DA:116,0
DA:119,14
DA:120,0
DA:124,15
DA:125,14
DA:126,0
DA:128,14
DA:129,14
DA:131,14
DA:132,0
DA:134,0
DA:138,2
DA:139,2
DA:143,0
DA:144,0
DA:145,0
DA:146,0
LF:64
LH:48
BRDA:50,0,0,1
BRDA:58,1,0,0
BRDA:58,1,1,15
BRDA:65,2,0,14
BRDA:65,2,1,0
BRDA:73,3,0,0
BRDA:125,4,0,0
BRDA:128,5,0,14
BRDA:131,6,0,0
BRDA:131,7,0,14
BRDA:131,7,1,0
BRDA:132,8,0,0
BRDA:132,8,1,0
BRF:13
BRH:5
end_of_record
TN:
SF:src\app\token-sale\token-sale.component.ts
FN:27,(anonymous_2)
FN:29,(anonymous_3)
FN:30,(anonymous_4)
FN:34,(anonymous_5)
FNF:4
FNH:4
FNDA:3,(anonymous_2)
FNDA:5,(anonymous_3)
FNDA:4,(anonymous_4)
FNDA:1,(anonymous_5)
DA:17,1
DA:25,1
DA:26,3
DA:27,3
DA:30,5
DA:31,4
DA:32,1
DA:34,1
LF:8
LH:8
BRDA:31,0,0,1
BRF:1
BRH:1
end_of_record
TN:
SF:src\app\track-result\track-result.component.ts
FN:21,(anonymous_2)
FN:41,(anonymous_3)
FN:43,(anonymous_4)
FN:45,(anonymous_5)
FNF:4
FNH:4
FNDA:1,(anonymous_2)
FNDA:5,(anonymous_3)
FNDA:9,(anonymous_4)
FNDA:9,(anonymous_5)
DA:19,1
DA:21,1
DA:22,1
DA:23,1
DA:24,1
DA:25,1
DA:34,1
DA:35,5
DA:36,5
DA:38,5
DA:39,5
DA:40,5
DA:41,5
DA:44,9
DA:45,9
DA:47,9
DA:48,9
DA:49,9
DA:50,9
DA:51,9
DA:52,9
DA:53,9
DA:54,9
DA:55,1
DA:56,8
DA:57,0
DA:58,8
DA:59,1
DA:61,7
LF:29
LH:28
BRDA:21,0,0,1
BRDA:21,0,1,1
BRDA:51,1,0,2
BRDA:51,1,1,7
BRDA:54,2,0,1
BRDA:54,2,1,8
BRDA:56,3,0,0
BRDA:56,3,1,8
BRDA:58,4,0,1
BRDA:58,4,1,7
BRF:10
BRH:9
end_of_record
TN:
SF:src\app\two-factor-auth\two-factor-auth.component.ts
FN:58,(anonymous_2)
FN:60,(anonymous_3)
FN:64,(anonymous_4)
FN:68,(anonymous_5)
FN:77,(anonymous_6)
FN:83,(anonymous_7)
FN:88,(anonymous_8)
FN:91,(anonymous_9)
FN:98,(anonymous_10)
FN:101,(anonymous_11)
FN:103,(anonymous_12)
FN:108,(anonymous_13)
FNF:12
FNH:12
FNDA:7,(anonymous_2)
FNDA:7,(anonymous_3)
FNDA:10,(anonymous_4)
FNDA:3,(anonymous_5)
FNDA:7,(anonymous_6)
FNDA:2,(anonymous_7)
FNDA:1,(anonymous_8)
FNDA:1,(anonymous_9)
FNDA:2,(anonymous_10)
FNDA:1,(anonymous_11)
FNDA:1,(anonymous_12)
FNDA:1,(anonymous_13)
DA:29,1
DA:37,1
DA:40,7
DA:45,7
DA:49,7
DA:50,7
DA:56,7
DA:58,7
DA:61,7
DA:65,10
DA:66,10
DA:68,10
DA:69,3
DA:70,3
DA:71,3
DA:72,1
DA:73,1
DA:74,1
DA:75,1
DA:78,7
DA:80,10
DA:84,2
DA:89,1
DA:90,1
DA:92,1
DA:93,1
DA:94,1
DA:99,2
DA:102,1
DA:104,1
DA:107,1
DA:109,1
DA:110,1
LF:33
LH:33
BRDA:71,0,0,1
BRF:1
BRH:1
end_of_record
TN:
SF:src\app\two-factor-auth-enter\two-factor-auth-enter.component.ts
FN:43,(anonymous_2)
FN:51,(anonymous_3)
FN:54,(anonymous_4)
FN:63,(anonymous_5)
FN:64,(anonymous_6)
FN:66,(anonymous_7)
FNF:6
FNH:4
FNDA:4,(anonymous_2)
FNDA:3,(anonymous_3)
FNDA:3,(anonymous_4)
FNDA:3,(anonymous_5)
FNDA:0,(anonymous_6)
FNDA:0,(anonymous_7)
DA:24,1
DA:36,1
DA:37,4
DA:41,4
DA:44,4
DA:45,4
DA:46,4
DA:47,4
DA:48,4
DA:52,3
DA:54,3
DA:55,3
DA:56,3
DA:57,3
DA:58,3
DA:59,3
DA:62,3
DA:63,3
DA:65,0
DA:66,0
DA:67,0
DA:69,0
LF:22
LH:18
BRF:0
BRH:0
end_of_record
TN:
SF:src\app\user-details\user-details.component.ts
FN:27,(anonymous_2)
FN:29,(anonymous_3)
FN:30,(anonymous_4)
FN:32,(anonymous_5)
FNF:4
FNH:4
FNDA:3,(anonymous_2)
FNDA:5,(anonymous_3)
FNDA:4,(anonymous_4)
FNDA:1,(anonymous_5)
DA:17,1
DA:25,1
DA:27,3
DA:30,5
DA:31,4
DA:32,1
LF:6
LH:6
BRF:0
BRH:0
end_of_record
TN:
SF:src\app\wallet\wallet.component.ts
FN:28,(anonymous_2)
FN:30,(anonymous_3)
FN:31,(anonymous_4)
FN:33,(anonymous_5)
FN:38,(anonymous_6)
FN:40,(anonymous_7)
FNF:6
FNH:4
FNDA:5,(anonymous_2)
FNDA:7,(anonymous_3)
FNDA:6,(anonymous_4)
FNDA:1,(anonymous_5)
FNDA:0,(anonymous_6)
FNDA:0,(anonymous_7)
DA:24,1
DA:26,5
DA:28,5
DA:31,7
DA:32,6
DA:34,1
DA:39,0
DA:40,0
LF:8
LH:6
BRF:0
BRH:0
end_of_record
TN:
SF:src\app\welcome\welcome.component.ts
FN:22,(anonymous_2)
FN:24,(anonymous_3)
FN:27,(anonymous_4)
FN:38,(anonymous_5)
FNF:4
FNH:3
FNDA:5,(anonymous_2)
FNDA:4,(anonymous_3)
FNDA:2,(anonymous_4)
FNDA:0,(anonymous_5)
DA:19,1
DA:20,5
DA:22,5
DA:25,4
DA:26,4
DA:27,3
DA:28,2
DA:29,1
DA:31,1
DA:38,0
LF:10
LH:9
BRDA:26,0,0,3
BRDA:28,1,0,1
BRDA:28,2,0,2
BRDA:28,2,1,2
BRF:4
BRH:4
end_of_record
TN:
SF:src\app\welcome-banner\welcome-banner.component.ts
FN:31,(anonymous_2)
FN:36,(anonymous_3)
FN:37,(anonymous_4)
FN:48,(anonymous_5)
FN:51,(anonymous_6)
FN:54,(anonymous_7)
FN:59,(anonymous_8)
FNF:7
FNH:7
FNDA:8,(anonymous_2)
FNDA:13,(anonymous_3)
FNDA:12,(anonymous_4)
FNDA:1,(anonymous_5)
FNDA:1,(anonymous_6)
FNDA:1,(anonymous_7)
FNDA:2,(anonymous_8)
DA:23,1
DA:24,8
DA:25,8
DA:26,8
DA:27,8
DA:29,8
DA:32,8
DA:33,8
DA:34,8
DA:37,13
DA:38,12
DA:39,1
DA:40,1
DA:42,12
DA:44,12
DA:45,1
DA:46,1
DA:48,1
DA:52,1
DA:53,1
DA:54,1
DA:55,1
DA:60,2
DA:61,2
DA:62,2
DA:63,2
LF:26
LH:26
BRDA:38,0,0,1
BRDA:44,1,0,1
BRDA:44,2,0,12
BRDA:44,2,1,2
BRF:4
BRH:4
end_of_record
TN:
SF:src\confetti\index.ts
FN:3,(anonymous_0)
FN:4,(anonymous_1)
FN:8,(anonymous_2)
FN:39,(anonymous_3)
FNF:4
FNH:4
FNDA:2,(anonymous_0)
FNDA:2,(anonymous_1)
FNDA:2,(anonymous_2)
FNDA:2,(anonymous_3)
DA:3,1
DA:4,2
DA:5,2
DA:8,1
DA:9,2
DA:10,2
DA:11,2
DA:12,2
DA:13,2
DA:14,2
DA:15,2
DA:16,2
DA:18,2
DA:20,2
DA:23,2
DA:31,2
DA:39,2
DA:40,2
LF:18
LH:18
BRF:0
BRH:0
end_of_record
TN:
SF:src\environments\environment.ts
FNF:0
FNH:0
DA:10,1
LF:1
LH:1
BRF:0
BRH:0
end_of_record
